        -:    0:Source:dominion.c
        -:    0:Graph:dominion.gcno
        -:    0:Data:dominion.gcda
        -:    0:Runs:7
        -:    0:Programs:7
        -:    1:#include "dominion.h"
        -:    2:#include "dominion_helpers.h"
        -:    3:#include "rngs.h"
        -:    4:#include <stdio.h>
        -:    5:#include <math.h>
        -:    6:#include <stdlib.h>
        -:    7:
function compare called 30000270 returned 100% blocks executed 83%
 30000270:    8:int compare(const void* a, const void* b) {
 30000270:    9:  if (*(int*)a > *(int*)b)
branch  0 taken 0% (fallthrough)
branch  1 taken 100%
    #####:   10:    return 1;
 30000270:   11:  if (*(int*)a < * (int*)b)
branch  0 taken 27% (fallthrough)
branch  1 taken 73%
  8000072:   12:    return -1;
 22000198:   13:  return 0;
        -:   14:}
        -:   15:
function newGame called 0 returned 0% blocks executed 0%
    #####:   16:struct gameState* newGame() {
    #####:   17:  struct gameState* g = malloc(sizeof(struct gameState));
    #####:   18:  return g;
        -:   19:}
        -:   20:
function kingdomCards called 0 returned 0% blocks executed 0%
    #####:   21:int* kingdomCards(int k1, int k2, int k3, int k4, int k5, int k6, int k7,
        -:   22:                  int k8, int k9, int k10) {
    #####:   23:  int* k = malloc(10 * sizeof(int));
    #####:   24:  k[0] = k1;
    #####:   25:  k[1] = k2;
    #####:   26:  k[2] = k3;
    #####:   27:  k[3] = k4;
    #####:   28:  k[4] = k5;
    #####:   29:  k[5] = k6;
    #####:   30:  k[6] = k7;
    #####:   31:  k[7] = k8;
    #####:   32:  k[8] = k9;
    #####:   33:  k[9] = k10;
    #####:   34:  return k;
        -:   35:}
        -:   36:
function initializeGame called 1000009 returned 100% blocks executed 88%
  1000009:   37:int initializeGame(int numPlayers, int kingdomCards[10], int randomSeed,
        -:   38:                   struct gameState *state) {
        -:   39:
        -:   40:  int i;
        -:   41:  int j;
        -:   42:  int it;
        -:   43:  //set up random number generator
  1000009:   44:  SelectStream(1);
call    0 returned 100%
  1000009:   45:  PutSeed((long)randomSeed);
call    0 returned 100%
        -:   46:
        -:   47:  //check number of players
  1000009:   48:  if (numPlayers > MAX_PLAYERS || numPlayers < 2)
branch  0 taken 100% (fallthrough)
branch  1 taken 0%
branch  2 taken 0% (fallthrough)
branch  3 taken 100%
        -:   49:  {
    #####:   50:    return -1;
        -:   51:  }
        -:   52:
        -:   53:  //set number of players
  1000009:   54:  state->numPlayers = numPlayers;
        -:   55:
        -:   56:  //check selected kingdom cards are different
 11000099:   57:  for (i = 0; i < 10; i++)
branch  0 taken 91%
branch  1 taken 9% (fallthrough)
        -:   58:  {
110000990:   59:    for (j = 0; j < 10; j++)
branch  0 taken 91%
branch  1 taken 9% (fallthrough)
        -:   60:    {
100000900:   61:      if (j != i && kingdomCards[j] == kingdomCards[i])
branch  0 taken 90% (fallthrough)
branch  1 taken 10%
branch  2 taken 0% (fallthrough)
branch  3 taken 100%
        -:   62:      {
    #####:   63:        return -1;
        -:   64:      }
        -:   65:    }
        -:   66:  }
        -:   67:
        -:   68:
        -:   69:  //initialize supply
        -:   70:  ///////////////////////////////
        -:   71:
        -:   72:  //set number of Curse cards
  1000009:   73:  if (numPlayers == 2)
branch  0 taken 100% (fallthrough)
branch  1 taken 0%
        -:   74:  {
  1000009:   75:    state->supplyCount[curse] = 10;
        -:   76:  }
    #####:   77:  else if (numPlayers == 3)
branch  0 never executed
branch  1 never executed
        -:   78:  {
    #####:   79:    state->supplyCount[curse] = 20;
        -:   80:  }
        -:   81:  else
        -:   82:  {
    #####:   83:    state->supplyCount[curse] = 30;
        -:   84:  }
        -:   85:
        -:   86:  //set number of Victory cards
  1000009:   87:  if (numPlayers == 2)
branch  0 taken 100% (fallthrough)
branch  1 taken 0%
        -:   88:  {
  1000009:   89:    state->supplyCount[estate] = 8;
  1000009:   90:    state->supplyCount[duchy] = 8;
  1000009:   91:    state->supplyCount[province] = 8;
        -:   92:  }
        -:   93:  else
        -:   94:  {
    #####:   95:    state->supplyCount[estate] = 12;
    #####:   96:    state->supplyCount[duchy] = 12;
    #####:   97:    state->supplyCount[province] = 12;
        -:   98:  }
        -:   99:
        -:  100:  //set number of Treasure cards
  1000009:  101:  state->supplyCount[copper] = 60 - (7 * numPlayers);
  1000009:  102:  state->supplyCount[silver] = 40;
  1000009:  103:  state->supplyCount[gold] = 30;
        -:  104:
        -:  105:  //set number of Kingdom cards
 21000189:  106:  for (i = adventurer; i <= treasure_map; i++)        //loop all cards
branch  0 taken 95%
branch  1 taken 5% (fallthrough)
        -:  107:  {
165001485:  108:    for (j = 0; j < 10; j++)              //loop chosen cards
branch  0 taken 94%
branch  1 taken 6% (fallthrough)
        -:  109:    {
155001395:  110:      if (kingdomCards[j] == i)
branch  0 taken 6% (fallthrough)
branch  1 taken 94%
        -:  111:      {
        -:  112:        //check if card is a 'Victory' Kingdom card
 10000090:  113:        if (kingdomCards[j] == great_hall || kingdomCards[j] == gardens)
branch  0 taken 100% (fallthrough)
branch  1 taken 0%
branch  2 taken 10% (fallthrough)
branch  3 taken 90%
        -:  114:        {
  2000018:  115:          if (numPlayers == 2) {
branch  0 taken 100% (fallthrough)
branch  1 taken 0%
  1000009:  116:            state->supplyCount[i] = 8;
        -:  117:          }
    #####:  118:          else { state->supplyCount[i] = 12; }
        -:  119:        }
        -:  120:        else
        -:  121:        {
  9000081:  122:          state->supplyCount[i] = 10;
        -:  123:        }
 10000090:  124:        break;
        -:  125:      }
        -:  126:      else    //card is not in the set choosen for the game
        -:  127:      {
145001305:  128:        state->supplyCount[i] = -1;
        -:  129:      }
        -:  130:    }
        -:  131:
        -:  132:  }
        -:  133:
        -:  134:  ////////////////////////
        -:  135:  //supply intilization complete
        -:  136:
        -:  137:  //set player decks
  3000027:  138:  for (i = 0; i < numPlayers; i++)
branch  0 taken 67%
branch  1 taken 33% (fallthrough)
        -:  139:  {
  2000018:  140:    state->deckCount[i] = 0;
  8000072:  141:    for (j = 0; j < 3; j++)
branch  0 taken 75%
branch  1 taken 25% (fallthrough)
        -:  142:    {
  6000054:  143:      state->deck[i][j] = estate;
  6000054:  144:      state->deckCount[i]++;
        -:  145:    }
 16000144:  146:    for (j = 3; j < 10; j++)
branch  0 taken 88%
branch  1 taken 13% (fallthrough)
        -:  147:    {
 14000126:  148:      state->deck[i][j] = copper;
 14000126:  149:      state->deckCount[i]++;
        -:  150:    }
        -:  151:  }
        -:  152:
        -:  153:  //shuffle player decks
  3000027:  154:  for (i = 0; i < numPlayers; i++)
branch  0 taken 67%
branch  1 taken 33% (fallthrough)
        -:  155:  {
  2000018:  156:    if ( shuffle(i, state) < 0 )
call    0 returned 100%
branch  1 taken 0% (fallthrough)
branch  2 taken 100%
        -:  157:    {
    #####:  158:      return -1;
        -:  159:    }
        -:  160:  }
        -:  161:
        -:  162:  //draw player hands
  3000027:  163:  for (i = 0; i < numPlayers; i++)
branch  0 taken 67%
branch  1 taken 33% (fallthrough)
        -:  164:  {
        -:  165:    //initialize hand size to zero
  2000018:  166:    state->handCount[i] = 0;
  2000018:  167:    state->discardCount[i] = 0;
        -:  168:    //draw 5 cards
        -:  169:    // for (j = 0; j < 5; j++)
        -:  170:    //  {
        -:  171:    //    drawCard(i, state);
        -:  172:    //  }
        -:  173:  }
        -:  174:
        -:  175:  //set embargo tokens to 0 for all supply piles
 28000252:  176:  for (i = 0; i <= treasure_map; i++)
branch  0 taken 96%
branch  1 taken 4% (fallthrough)
        -:  177:  {
 27000243:  178:    state->embargoTokens[i] = 0;
        -:  179:  }
        -:  180:
        -:  181:  //initialize first player's turn
  1000009:  182:  state->outpostPlayed = 0;
  1000009:  183:  state->phase = 0;
  1000009:  184:  state->numActions = 1;
  1000009:  185:  state->numBuys = 1;
  1000009:  186:  state->playedCardCount = 0;
  1000009:  187:  state->whoseTurn = 0;
  1000009:  188:  state->handCount[state->whoseTurn] = 0;
        -:  189:  //int it; move to top
        -:  190:
        -:  191:  //Moved draw cards to here, only drawing at the start of a turn
  6000054:  192:  for (it = 0; it < 5; it++) {
branch  0 taken 83%
branch  1 taken 17% (fallthrough)
  5000045:  193:    drawCard(state->whoseTurn, state);
call    0 returned 100%
        -:  194:  }
        -:  195:
  1000009:  196:  updateCoins(state->whoseTurn, state, 0);
call    0 returned 100%
        -:  197:
  1000009:  198:  return 0;
        -:  199:}
        -:  200:
function shuffle called 2000018 returned 100% blocks executed 94%
  2000018:  201:int shuffle(int player, struct gameState *state) {
        -:  202:
        -:  203:
        -:  204:  int newDeck[MAX_DECK];
  2000018:  205:  int newDeckPos = 0;
        -:  206:  int card;
        -:  207:  int i;
        -:  208:
  2000018:  209:  if (state->deckCount[player] < 1)
branch  0 taken 0% (fallthrough)
branch  1 taken 100%
    #####:  210:    return -1;
  2000018:  211:  qsort ((void*)(state->deck[player]), state->deckCount[player], sizeof(int), compare);
call    0 returned 100%
        -:  212:  /* SORT CARDS IN DECK TO ENSURE DETERMINISM! */
        -:  213:
 24000216:  214:  while (state->deckCount[player] > 0) {
branch  0 taken 91%
branch  1 taken 9% (fallthrough)
 20000180:  215:    card = floor(Random() * state->deckCount[player]);
call    0 returned 100%
 20000180:  216:    newDeck[newDeckPos] = state->deck[player][card];
 20000180:  217:    newDeckPos++;
 62000558:  218:    for (i = card; i < state->deckCount[player] - 1; i++) {
branch  0 taken 68%
branch  1 taken 32% (fallthrough)
 42000378:  219:      state->deck[player][i] = state->deck[player][i + 1];
        -:  220:    }
 20000180:  221:    state->deckCount[player]--;
        -:  222:  }
 22000198:  223:  for (i = 0; i < newDeckPos; i++) {
branch  0 taken 91%
branch  1 taken 9% (fallthrough)
 20000180:  224:    state->deck[player][i] = newDeck[i];
 20000180:  225:    state->deckCount[player]++;
        -:  226:  }
        -:  227:
  2000018:  228:  return 0;
        -:  229:}
        -:  230:
function playCard called 0 returned 0% blocks executed 0%
    #####:  231:int playCard(int handPos, int choice1, int choice2, int choice3, struct gameState *state)
        -:  232:{
        -:  233:  int card;
    #####:  234:  int coin_bonus = 0;     //tracks coins gain from actions
        -:  235:
        -:  236:  //check if it is the right phase
    #####:  237:  if (state->phase != 0)
branch  0 never executed
branch  1 never executed
        -:  238:  {
    #####:  239:    return -1;
        -:  240:  }
        -:  241:
        -:  242:  //check if player has enough actions
    #####:  243:  if ( state->numActions < 1 )
branch  0 never executed
branch  1 never executed
        -:  244:  {
    #####:  245:    return -1;
        -:  246:  }
        -:  247:
        -:  248:  //get card played
    #####:  249:  card = handCard(handPos, state);
call    0 never executed
        -:  250:
        -:  251:  //check if selected card is an action
    #####:  252:  if ( card < adventurer || card > treasure_map )
branch  0 never executed
branch  1 never executed
branch  2 never executed
branch  3 never executed
        -:  253:  {
    #####:  254:    return -1;
        -:  255:  }
        -:  256:
        -:  257:  //play card
    #####:  258:  if ( cardEffect(card, choice1, choice2, choice3, state, handPos, &coin_bonus) < 0 )
call    0 never executed
branch  1 never executed
branch  2 never executed
        -:  259:  {
    #####:  260:    return -1;
        -:  261:  }
        -:  262:
        -:  263:  //reduce number of actions
    #####:  264:  state->numActions--;
        -:  265:
        -:  266:  //update coins (Treasure cards may be added with card draws)
    #####:  267:  updateCoins(state->whoseTurn, state, coin_bonus);
call    0 never executed
        -:  268:
    #####:  269:  return 0;
        -:  270:}
        -:  271:
function buyCard called 0 returned 0% blocks executed 0%
    #####:  272:int buyCard(int supplyPos, struct gameState *state) {
        -:  273:  int who;
        -:  274:  if (DEBUG) {
        -:  275:    printf("Entering buyCard...\n");
        -:  276:  }
        -:  277:
        -:  278:  // I don't know what to do about the phase thing.
        -:  279:
    #####:  280:  who = state->whoseTurn;
        -:  281:
    #####:  282:  if (state->numBuys < 1) {
branch  0 never executed
branch  1 never executed
        -:  283:    if (DEBUG)
        -:  284:      printf("You do not have any buys left\n");
    #####:  285:    return -1;
    #####:  286:  } else if (supplyCount(supplyPos, state) < 1) {
call    0 never executed
branch  1 never executed
branch  2 never executed
        -:  287:    if (DEBUG)
        -:  288:      printf("There are not any of that type of card left\n");
    #####:  289:    return -1;
    #####:  290:  } else if (state->coins < getCost(supplyPos)) {
call    0 never executed
branch  1 never executed
branch  2 never executed
        -:  291:    if (DEBUG)
        -:  292:      printf("You do not have enough money to buy that. You have %d coins.\n", state->coins);
    #####:  293:    return -1;
        -:  294:  } else {
    #####:  295:    state->phase = 1;
        -:  296:    //state->supplyCount[supplyPos]--;
    #####:  297:    gainCard(supplyPos, state, 0, who); //card goes in discard, this might be wrong.. (2 means goes into hand, 0 goes into discard)
call    0 never executed
        -:  298:
    #####:  299:    state->coins = (state->coins) - (getCost(supplyPos));
call    0 never executed
    #####:  300:    state->numBuys--;
        -:  301:    if (DEBUG)
        -:  302:      printf("You bought card number %d for %d coins. You now have %d buys and %d coins.\n", supplyPos, getCost(supplyPos), state->numBuys, state->coins);
        -:  303:  }
        -:  304:
        -:  305:  //state->discard[who][state->discardCount[who]] = supplyPos;
        -:  306:  //state->discardCount[who]++;
        -:  307:
    #####:  308:  return 0;
        -:  309:}
        -:  310:
function numHandCards called 3 returned 100% blocks executed 100%
        3:  311:int numHandCards(struct gameState *state) {
        3:  312:  return state->handCount[ whoseTurn(state) ];
call    0 returned 100%
        -:  313:}
        -:  314:
function handCard called 0 returned 0% blocks executed 0%
    #####:  315:int handCard(int handPos, struct gameState *state) {
    #####:  316:  int currentPlayer = whoseTurn(state);
call    0 never executed
    #####:  317:  return state->hand[currentPlayer][handPos];
        -:  318:}
        -:  319:
function supplyCount called 0 returned 0% blocks executed 0%
    #####:  320:int supplyCount(int card, struct gameState *state) {
    #####:  321:  return state->supplyCount[card];
        -:  322:}
        -:  323:
function fullDeckCount called 3 returned 100% blocks executed 100%
        3:  324:int fullDeckCount(int player, int card, struct gameState *state) {
        -:  325:  int i;
        3:  326:  int count = 0;
        -:  327:
      472:  328:  for (i = 0; i < state->deckCount[player]; i++)
branch  0 taken 99%
branch  1 taken 1% (fallthrough)
        -:  329:  {
      469:  330:    if (state->deck[player][i] == card) count++;
branch  0 taken 71% (fallthrough)
branch  1 taken 29%
        -:  331:  }
        -:  332:
      472:  333:  for (i = 0; i < state->handCount[player]; i++)
branch  0 taken 99%
branch  1 taken 1% (fallthrough)
        -:  334:  {
      469:  335:    if (state->hand[player][i] == card) count++;
branch  0 taken 71% (fallthrough)
branch  1 taken 29%
        -:  336:  }
        -:  337:
      472:  338:  for (i = 0; i < state->discardCount[player]; i++)
branch  0 taken 99%
branch  1 taken 1% (fallthrough)
        -:  339:  {
      469:  340:    if (state->discard[player][i] == card) count++;
branch  0 taken 71% (fallthrough)
branch  1 taken 29%
        -:  341:  }
        -:  342:
        3:  343:  return count;
        -:  344:}
        -:  345:
function whoseTurn called 1000013 returned 100% blocks executed 100%
  1000013:  346:int whoseTurn(struct gameState *state) {
  1000013:  347:  return state->whoseTurn;
        -:  348:}
        -:  349:
function endTurn called 0 returned 0% blocks executed 0%
    #####:  350:int endTurn(struct gameState *state) {
        -:  351:  int k;
        -:  352:  int i;
    #####:  353:  int currentPlayer = whoseTurn(state);
call    0 never executed
        -:  354:
        -:  355:  //Discard hand
    #####:  356:  for (i = 0; i < state->handCount[currentPlayer]; i++) {
branch  0 never executed
branch  1 never executed
    #####:  357:    state->discard[currentPlayer][state->discardCount[currentPlayer]++] = state->hand[currentPlayer][i];//Discard
    #####:  358:    state->hand[currentPlayer][i] = -1;//Set card to -1
        -:  359:  }
    #####:  360:  state->handCount[currentPlayer] = 0;//Reset hand count
        -:  361:
        -:  362:  //Code for determining the player
    #####:  363:  if (currentPlayer < (state->numPlayers - 1)) {
branch  0 never executed
branch  1 never executed
    #####:  364:    state->whoseTurn = currentPlayer + 1;//Still safe to increment
        -:  365:  }
        -:  366:  else {
    #####:  367:    state->whoseTurn = 0;//Max player has been reached, loop back around to player 1
        -:  368:  }
        -:  369:
    #####:  370:  state->outpostPlayed = 0;
    #####:  371:  state->phase = 0;
    #####:  372:  state->numActions = 1;
    #####:  373:  state->coins = 0;
    #####:  374:  state->numBuys = 1;
    #####:  375:  state->playedCardCount = 0;
    #####:  376:  state->handCount[state->whoseTurn] = 0;
        -:  377:
        -:  378:  //int k; move to top
        -:  379:  //Next player draws hand
    #####:  380:  for (k = 0; k < 5; k++) {
branch  0 never executed
branch  1 never executed
    #####:  381:    drawCard(state->whoseTurn, state);//Draw a card
call    0 never executed
        -:  382:  }
        -:  383:
        -:  384:  //Update money
    #####:  385:  updateCoins(state->whoseTurn, state , 0);
call    0 never executed
        -:  386:
    #####:  387:  return 0;
        -:  388:}
        -:  389:
function isGameOver called 9 returned 100% blocks executed 100%
        9:  390:int isGameOver(struct gameState *state) {
        -:  391:  int i;
        -:  392:  int j;
        -:  393:
        -:  394:  //if stack of Province cards is empty, the game ends
        9:  395:  if (state->supplyCount[province] == 0)
branch  0 taken 33% (fallthrough)
branch  1 taken 67%
        -:  396:  {
        3:  397:    return 1;
        -:  398:  }
        -:  399:
        -:  400:  //if three supply pile are at 0, the game ends
        6:  401:  j = 0;
      156:  402:  for (i = 0; i < 25; i++)
branch  0 taken 96%
branch  1 taken 4% (fallthrough)
        -:  403:  {
      150:  404:    if (state->supplyCount[i] == 0)
branch  0 taken 6% (fallthrough)
branch  1 taken 94%
        -:  405:    {
        9:  406:      j++;
        -:  407:    }
        -:  408:  }
        6:  409:  if ( j >= 3)
branch  0 taken 50% (fallthrough)
branch  1 taken 50%
        -:  410:  {
        3:  411:    return 1;
        -:  412:  }
        -:  413:
        3:  414:  return 0;
        -:  415:}
        -:  416:
function scoreFor called 0 returned 0% blocks executed 0%
    #####:  417:int scoreFor (int player, struct gameState *state) {
        -:  418:
        -:  419:  int i;
    #####:  420:  int score = 0;
        -:  421:  //score from hand
    #####:  422:  for (i = 0; i < state->handCount[player]; i++)
branch  0 never executed
branch  1 never executed
        -:  423:  {
    #####:  424:    if (state->hand[player][i] == curse) { score = score - 1; };
branch  0 never executed
branch  1 never executed
    #####:  425:    if (state->hand[player][i] == estate) { score = score + 1; };
branch  0 never executed
branch  1 never executed
    #####:  426:    if (state->hand[player][i] == duchy) { score = score + 3; };
branch  0 never executed
branch  1 never executed
    #####:  427:    if (state->hand[player][i] == province) { score = score + 6; };
branch  0 never executed
branch  1 never executed
    #####:  428:    if (state->hand[player][i] == great_hall) { score = score + 1; };
branch  0 never executed
branch  1 never executed
    #####:  429:    if (state->hand[player][i] == gardens) { score = score + ( fullDeckCount(player, 0, state) / 10 ); };
branch  0 never executed
branch  1 never executed
call    2 never executed
        -:  430:  }
        -:  431:
        -:  432:  //score from discard
    #####:  433:  for (i = 0; i < state->discardCount[player]; i++)
branch  0 never executed
branch  1 never executed
        -:  434:  {
    #####:  435:    if (state->discard[player][i] == curse) { score = score - 1; };
branch  0 never executed
branch  1 never executed
    #####:  436:    if (state->discard[player][i] == estate) { score = score + 1; };
branch  0 never executed
branch  1 never executed
    #####:  437:    if (state->discard[player][i] == duchy) { score = score + 3; };
branch  0 never executed
branch  1 never executed
    #####:  438:    if (state->discard[player][i] == province) { score = score + 6; };
branch  0 never executed
branch  1 never executed
    #####:  439:    if (state->discard[player][i] == great_hall) { score = score + 1; };
branch  0 never executed
branch  1 never executed
    #####:  440:    if (state->discard[player][i] == gardens) { score = score + ( fullDeckCount(player, 0, state) / 10 ); };
branch  0 never executed
branch  1 never executed
call    2 never executed
        -:  441:  }
        -:  442:
        -:  443:  //score from deck
    #####:  444:  for (i = 0; i < state->discardCount[player]; i++)
branch  0 never executed
branch  1 never executed
        -:  445:  {
    #####:  446:    if (state->deck[player][i] == curse) { score = score - 1; };
branch  0 never executed
branch  1 never executed
    #####:  447:    if (state->deck[player][i] == estate) { score = score + 1; };
branch  0 never executed
branch  1 never executed
    #####:  448:    if (state->deck[player][i] == duchy) { score = score + 3; };
branch  0 never executed
branch  1 never executed
    #####:  449:    if (state->deck[player][i] == province) { score = score + 6; };
branch  0 never executed
branch  1 never executed
    #####:  450:    if (state->deck[player][i] == great_hall) { score = score + 1; };
branch  0 never executed
branch  1 never executed
    #####:  451:    if (state->deck[player][i] == gardens) { score = score + ( fullDeckCount(player, 0, state) / 10 ); };
branch  0 never executed
branch  1 never executed
call    2 never executed
        -:  452:  }
        -:  453:
    #####:  454:  return score;
        -:  455:}
        -:  456:
function getWinners called 0 returned 0% blocks executed 0%
    #####:  457:int getWinners(int players[MAX_PLAYERS], struct gameState *state) {
        -:  458:  int i;
        -:  459:  int j;
        -:  460:  int highScore;
        -:  461:  int currentPlayer;
        -:  462:
        -:  463:  //get score for each player
    #####:  464:  for (i = 0; i < MAX_PLAYERS; i++)
branch  0 never executed
branch  1 never executed
        -:  465:  {
        -:  466:    //set unused player scores to -9999
    #####:  467:    if (i >= state->numPlayers)
branch  0 never executed
branch  1 never executed
        -:  468:    {
    #####:  469:      players[i] = -9999;
        -:  470:    }
        -:  471:    else
        -:  472:    {
    #####:  473:      players[i] = scoreFor (i, state);
call    0 never executed
        -:  474:    }
        -:  475:  }
        -:  476:
        -:  477:  //find highest score
    #####:  478:  j = 0;
    #####:  479:  for (i = 0; i < MAX_PLAYERS; i++)
branch  0 never executed
branch  1 never executed
        -:  480:  {
    #####:  481:    if (players[i] > players[j])
branch  0 never executed
branch  1 never executed
        -:  482:    {
    #####:  483:      j = i;
        -:  484:    }
        -:  485:  }
    #####:  486:  highScore = players[j];
        -:  487:
        -:  488:  //add 1 to players who had less turns
    #####:  489:  currentPlayer = whoseTurn(state);
call    0 never executed
    #####:  490:  for (i = 0; i < MAX_PLAYERS; i++)
branch  0 never executed
branch  1 never executed
        -:  491:  {
    #####:  492:    if ( players[i] == highScore && i > currentPlayer )
branch  0 never executed
branch  1 never executed
branch  2 never executed
branch  3 never executed
        -:  493:    {
    #####:  494:      players[i]++;
        -:  495:    }
        -:  496:  }
        -:  497:
        -:  498:  //find new highest score
    #####:  499:  j = 0;
    #####:  500:  for (i = 0; i < MAX_PLAYERS; i++)
branch  0 never executed
branch  1 never executed
        -:  501:  {
    #####:  502:    if ( players[i] > players[j] )
branch  0 never executed
branch  1 never executed
        -:  503:    {
    #####:  504:      j = i;
        -:  505:    }
        -:  506:  }
    #####:  507:  highScore = players[j];
        -:  508:
        -:  509:  //set winners in array to 1 and rest to 0
    #####:  510:  for (i = 0; i < MAX_PLAYERS; i++)
branch  0 never executed
branch  1 never executed
        -:  511:  {
    #####:  512:    if ( players[i] == highScore )
branch  0 never executed
branch  1 never executed
        -:  513:    {
    #####:  514:      players[i] = 1;
        -:  515:    }
        -:  516:    else
        -:  517:    {
    #####:  518:      players[i] = 0;
        -:  519:    }
        -:  520:  }
        -:  521:
    #####:  522:  return 0;
        -:  523:}
        -:  524:
function drawCard called 5500055 returned 100% blocks executed 38%
  5500055:  525:int drawCard(int player, struct gameState *state)
        -:  526:{ int count;
        -:  527:  int deckCounter;
  5500055:  528:  if (state->deckCount[player] <= 0) { //Deck is empty
branch  0 taken 0% (fallthrough)
branch  1 taken 100%
        -:  529:
        -:  530:    //Step 1 Shuffle the discard pile back into a deck
        -:  531:    int i;
        -:  532:    //Move discard to deck
    #####:  533:    for (i = 0; i < state->discardCount[player]; i++) {
branch  0 never executed
branch  1 never executed
    #####:  534:      state->deck[player][i] = state->discard[player][i];
    #####:  535:      state->discard[player][i] = -1;
        -:  536:    }
        -:  537:
    #####:  538:    state->deckCount[player] = state->discardCount[player];
    #####:  539:    state->discardCount[player] = 0;//Reset discard
        -:  540:
        -:  541:    //Shufffle the deck
    #####:  542:    shuffle(player, state);//Shuffle the deck up and make it so that we can draw
call    0 never executed
        -:  543:
        -:  544:    if (DEBUG) { //Debug statements
        -:  545:      printf("Deck count now: %d\n", state->deckCount[player]);
        -:  546:    }
        -:  547:
    #####:  548:    state->discardCount[player] = 0;
        -:  549:
        -:  550:    //Step 2 Draw Card
    #####:  551:    count = state->handCount[player];//Get current player's hand count
        -:  552:
        -:  553:    if (DEBUG) { //Debug statements
        -:  554:      printf("Current hand count: %d\n", count);
        -:  555:    }
        -:  556:
    #####:  557:    deckCounter = state->deckCount[player];//Create a holder for the deck count
        -:  558:
    #####:  559:    if (deckCounter == 0)
branch  0 never executed
branch  1 never executed
    #####:  560:      return -1;
        -:  561:
    #####:  562:    state->hand[player][count] = state->deck[player][deckCounter - 1];//Add card to hand
    #####:  563:    state->deckCount[player]--;
    #####:  564:    state->handCount[player]++;//Increment hand count
        -:  565:  }
        -:  566:
        -:  567:  else {
  5500055:  568:    int count = state->handCount[player];//Get current hand count for player
        -:  569:    int deckCounter;
        -:  570:    if (DEBUG) { //Debug statements
        -:  571:      printf("Current hand count: %d\n", count);
        -:  572:    }
        -:  573:
  5500055:  574:    deckCounter = state->deckCount[player];//Create holder for the deck count
  5500055:  575:    state->hand[player][count] = state->deck[player][deckCounter - 1];//Add card to the hand
  5500055:  576:    state->deckCount[player]--;
  5500055:  577:    state->handCount[player]++;//Increment hand count
        -:  578:  }
        -:  579:
  5500055:  580:  return 0;
        -:  581:}
        -:  582:
function getCost called 0 returned 0% blocks executed 0%
    #####:  583:int getCost(int cardNumber)
        -:  584:{
    #####:  585:  switch ( cardNumber )
branch  0 never executed
branch  1 never executed
branch  2 never executed
branch  3 never executed
branch  4 never executed
branch  5 never executed
branch  6 never executed
branch  7 never executed
branch  8 never executed
branch  9 never executed
branch 10 never executed
branch 11 never executed
branch 12 never executed
branch 13 never executed
branch 14 never executed
branch 15 never executed
branch 16 never executed
branch 17 never executed
branch 18 never executed
branch 19 never executed
branch 20 never executed
branch 21 never executed
branch 22 never executed
branch 23 never executed
branch 24 never executed
branch 25 never executed
branch 26 never executed
branch 27 never executed
        -:  586:  {
        -:  587:  case curse:
    #####:  588:    return 0;
        -:  589:  case estate:
    #####:  590:    return 2;
        -:  591:  case duchy:
    #####:  592:    return 5;
        -:  593:  case province:
    #####:  594:    return 8;
        -:  595:  case copper:
    #####:  596:    return 0;
        -:  597:  case silver:
    #####:  598:    return 3;
        -:  599:  case gold:
    #####:  600:    return 6;
        -:  601:  case adventurer:
    #####:  602:    return 6;
        -:  603:  case council_room:
    #####:  604:    return 5;
        -:  605:  case feast:
    #####:  606:    return 4;
        -:  607:  case gardens:
    #####:  608:    return 4;
        -:  609:  case mine:
    #####:  610:    return 5;
        -:  611:  case remodel:
    #####:  612:    return 4;
        -:  613:  case smithy:
    #####:  614:    return 4;
        -:  615:  case village:
    #####:  616:    return 3;
        -:  617:  case baron:
    #####:  618:    return 4;
        -:  619:  case great_hall:
    #####:  620:    return 3;
        -:  621:  case minion:
    #####:  622:    return 5;
        -:  623:  case steward:
    #####:  624:    return 3;
        -:  625:  case tribute:
    #####:  626:    return 5;
        -:  627:  case ambassador:
    #####:  628:    return 3;
        -:  629:  case cutpurse:
    #####:  630:    return 4;
        -:  631:  case embargo:
    #####:  632:    return 2;
        -:  633:  case outpost:
    #####:  634:    return 5;
        -:  635:  case salvager:
    #####:  636:    return 4;
        -:  637:  case sea_hag:
    #####:  638:    return 4;
        -:  639:  case treasure_map:
    #####:  640:    return 4;
        -:  641:  }
        -:  642:
    #####:  643:  return -1;
        -:  644:}
        -:  645:
function cardEffect called 500005 returned 100% blocks executed 4%
   500005:  646:int cardEffect(int card, int choice1, int choice2, int choice3, struct gameState *state, int handPos, int *bonus)
        -:  647:{
        -:  648:  int i;
        -:  649:  int j;
        -:  650:  int k;
        -:  651:  int x;
        -:  652:  int index;
   500005:  653:  int currentPlayer = whoseTurn(state);
call    0 returned 100%
   500005:  654:  int nextPlayer = currentPlayer + 1;
        -:  655:
   500005:  656:  int tributeRevealedCards[2] = { -1, -1};
        -:  657:  int temphand[MAX_HAND];// moved above the if statement
   500005:  658:  int drawntreasure = 0;
        -:  659:  int cardDrawn;
   500005:  660:  int z = 0;// this is the counter for the temp hand
   500005:  661:  if (nextPlayer > (state->numPlayers - 1)) {
branch  0 taken 0% (fallthrough)
branch  1 taken 100%
    #####:  662:    nextPlayer = 0;
        -:  663:  }
        -:  664:
        -:  665:
        -:  666:  //uses switch to select card and perform actions
   500005:  667:  switch ( card )
branch  0 taken 99%
branch  1 taken 0%
branch  2 taken 0%
branch  3 taken 0%
branch  4 taken 0%
branch  5 taken 0%
branch  6 taken 1%
branch  7 taken 0%
branch  8 taken 0%
branch  9 taken 0%
branch 10 taken 0%
branch 11 taken 0%
branch 12 taken 0%
branch 13 taken 0%
branch 14 taken 0%
branch 15 taken 0%
branch 16 taken 0%
branch 17 taken 0%
branch 18 taken 0%
branch 19 taken 0%
        -:  668:  {
        -:  669:  case adventurer:
   500000:  670:    adventurer_function(state); //CHANGED
call    0 returned 100%
   500000:  671:    break;
        -:  672:
        -:  673:  case council_room:
    #####:  674:    council_room_function(state, handPos); //CHANGED
call    0 never executed
    #####:  675:    break;
        -:  676:
        -:  677:
        -:  678:  case feast:
        -:  679:    //gain card with cost up to 5
        -:  680:    //Backup hand
    #####:  681:    for (i = 0; i <= state->handCount[currentPlayer]; i++) {
branch  0 never executed
branch  1 never executed
    #####:  682:      temphand[i] = state->hand[currentPlayer][i];//Backup card
    #####:  683:      state->hand[currentPlayer][i] = -1;//Set to nothing
        -:  684:    }
        -:  685:    //Backup hand
        -:  686:
        -:  687:    //Update Coins for Buy
    #####:  688:    updateCoins(currentPlayer, state, 5);
call    0 never executed
    #####:  689:    x = 1;//Condition to loop on
    #####:  690:    while ( x == 1) { //Buy one card
branch  0 never executed
branch  1 never executed
    #####:  691:      if (supplyCount(choice1, state) <= 0) {
call    0 never executed
branch  1 never executed
branch  2 never executed
        -:  692:        if (DEBUG)
        -:  693:          printf("None of that card left, sorry!\n");
        -:  694:
        -:  695:        if (DEBUG) {
        -:  696:          printf("Cards Left: %d\n", supplyCount(choice1, state));
        -:  697:        }
        -:  698:      }
    #####:  699:      else if (state->coins < getCost(choice1)) {
call    0 never executed
branch  1 never executed
branch  2 never executed
    #####:  700:        printf("That card is too expensive!\n");
call    0 never executed
        -:  701:
        -:  702:        if (DEBUG) {
        -:  703:          printf("Coins: %d < %d\n", state->coins, getCost(choice1));
        -:  704:        }
        -:  705:      }
        -:  706:      else {
        -:  707:
        -:  708:        if (DEBUG) {
        -:  709:          printf("Deck Count: %d\n", state->handCount[currentPlayer] + state->deckCount[currentPlayer] + state->discardCount[currentPlayer]);
        -:  710:        }
        -:  711:
    #####:  712:        gainCard(choice1, state, 0, currentPlayer);//Gain the card
call    0 never executed
    #####:  713:        x = 0;//No more buying cards
        -:  714:
        -:  715:        if (DEBUG) {
        -:  716:          printf("Deck Count: %d\n", state->handCount[currentPlayer] + state->deckCount[currentPlayer] + state->discardCount[currentPlayer]);
        -:  717:        }
        -:  718:
        -:  719:      }
        -:  720:    }
        -:  721:
        -:  722:    //Reset Hand
    #####:  723:    for (i = 0; i <= state->handCount[currentPlayer]; i++) {
branch  0 never executed
branch  1 never executed
    #####:  724:      state->hand[currentPlayer][i] = temphand[i];
    #####:  725:      temphand[i] = -1;
        -:  726:    }
        -:  727:    //Reset Hand
        -:  728:
    #####:  729:    return 0;
        -:  730:
        -:  731:  case gardens:
    #####:  732:    return -1;
        -:  733:
        -:  734:  case mine:
    #####:  735:    j = state->hand[currentPlayer][choice1];  //store card we will trash
        -:  736:
    #####:  737:    if (state->hand[currentPlayer][choice1] < copper || state->hand[currentPlayer][choice1] > gold)
branch  0 never executed
branch  1 never executed
branch  2 never executed
branch  3 never executed
        -:  738:    {
    #####:  739:      return -1;
        -:  740:    }
        -:  741:
    #####:  742:    if (choice2 > treasure_map || choice2 < curse)
branch  0 never executed
branch  1 never executed
branch  2 never executed
branch  3 never executed
        -:  743:    {
    #####:  744:      return -1;
        -:  745:    }
        -:  746:
    #####:  747:    if ( (getCost(state->hand[currentPlayer][choice1]) + 3) > getCost(choice2) )
call    0 never executed
call    1 never executed
branch  2 never executed
branch  3 never executed
        -:  748:    {
    #####:  749:      return -1;
        -:  750:    }
        -:  751:
    #####:  752:    gainCard(choice2, state, 2, currentPlayer);
call    0 never executed
        -:  753:
        -:  754:    //discard card from hand
    #####:  755:    discardCard(handPos, currentPlayer, state, 0);
call    0 never executed
        -:  756:
        -:  757:    //discard trashed card
    #####:  758:    for (i = 0; i < state->handCount[currentPlayer]; i++)
branch  0 never executed
branch  1 never executed
        -:  759:    {
    #####:  760:      if (state->hand[currentPlayer][i] == j)
branch  0 never executed
branch  1 never executed
        -:  761:      {
    #####:  762:        discardCard(i, currentPlayer, state, 0);
call    0 never executed
    #####:  763:        break;
        -:  764:      }
        -:  765:    }
        -:  766:
    #####:  767:    return 0;
        -:  768:
        -:  769:  case remodel:
    #####:  770:    remodel_function(state, choice1, choice2, currentPlayer, handPos);
call    0 never executed
    #####:  771:    break;
        -:  772:
        -:  773:  case smithy:
        5:  774:    smithy_function(state, handPos); //CHANGED
call    0 returned 100%
        5:  775:    break;
        -:  776:
        -:  777:  case baron:
    #####:  778:    state->numBuys++;//Increase buys by 1!
    #####:  779:    if (choice1 > 0) { //Boolean true or going to discard an estate
branch  0 never executed
branch  1 never executed
    #####:  780:      int p = 0;//Iterator for hand!
    #####:  781:      int card_not_discarded = 1;//Flag for discard set!
    #####:  782:      while (card_not_discarded) {
branch  0 never executed
branch  1 never executed
    #####:  783:        if (state->hand[currentPlayer][p] == estate) { //Found an estate card!
branch  0 never executed
branch  1 never executed
    #####:  784:          state->coins += 4;//Add 4 coins to the amount of coins
    #####:  785:          state->discard[currentPlayer][state->discardCount[currentPlayer]] = state->hand[currentPlayer][p];
    #####:  786:          state->discardCount[currentPlayer]++;
    #####:  787:          for (; p < state->handCount[currentPlayer]; p++) {
branch  0 never executed
branch  1 never executed
    #####:  788:            state->hand[currentPlayer][p] = state->hand[currentPlayer][p + 1];
        -:  789:          }
    #####:  790:          state->hand[currentPlayer][state->handCount[currentPlayer]] = -1;
    #####:  791:          state->handCount[currentPlayer]--;
    #####:  792:          card_not_discarded = 0;//Exit the loop
        -:  793:        }
    #####:  794:        else if (p > state->handCount[currentPlayer]) {
branch  0 never executed
branch  1 never executed
        -:  795:          if (DEBUG) {
        -:  796:            printf("No estate cards in your hand, invalid choice\n");
        -:  797:            printf("Must gain an estate if there are any\n");
        -:  798:          }
    #####:  799:          if (supplyCount(estate, state) > 0) {
call    0 never executed
branch  1 never executed
branch  2 never executed
    #####:  800:            gainCard(estate, state, 0, currentPlayer);
call    0 never executed
    #####:  801:            state->supplyCount[estate]--;//Decrement estates
    #####:  802:            if (supplyCount(estate, state) == 0) {
call    0 never executed
branch  1 never executed
branch  2 never executed
    #####:  803:              isGameOver(state);
call    0 never executed
        -:  804:            }
        -:  805:          }
    #####:  806:          card_not_discarded = 0;//Exit the loop
        -:  807:        }
        -:  808:
        -:  809:        else {
    #####:  810:          p++;//Next card
        -:  811:        }
        -:  812:      }
        -:  813:    }
        -:  814:
        -:  815:    else {
    #####:  816:      if (supplyCount(estate, state) > 0) {
call    0 never executed
branch  1 never executed
branch  2 never executed
    #####:  817:        gainCard(estate, state, 0, currentPlayer);//Gain an estate
call    0 never executed
    #####:  818:        state->supplyCount[estate]--;//Decrement Estates
    #####:  819:        if (supplyCount(estate, state) == 0) {
call    0 never executed
branch  1 never executed
branch  2 never executed
    #####:  820:          isGameOver(state);
call    0 never executed
        -:  821:        }
        -:  822:      }
        -:  823:    }
        -:  824:
        -:  825:
    #####:  826:    return 0;
        -:  827:
        -:  828:  case great_hall:
    #####:  829:    great_hall_function(state, handPos); // CHANGED
call    0 never executed
    #####:  830:    break;
        -:  831:
        -:  832:  case minion:
        -:  833:    //+1 action
    #####:  834:    state->numActions++;
        -:  835:
        -:  836:    //discard card from hand
    #####:  837:    discardCard(handPos, currentPlayer, state, 0);
call    0 never executed
        -:  838:
    #####:  839:    if (choice1)    //+2 coins
branch  0 never executed
branch  1 never executed
        -:  840:    {
    #####:  841:      state->coins = state->coins + 2;
        -:  842:    }
        -:  843:
    #####:  844:    else if (choice2)   //discard hand, redraw 4, other players with 5+ cards discard hand and draw 4
branch  0 never executed
branch  1 never executed
        -:  845:    {
        -:  846:      //discard hand
    #####:  847:      while (numHandCards(state) > 0)
call    0 never executed
branch  1 never executed
branch  2 never executed
        -:  848:      {
    #####:  849:        discardCard(handPos, currentPlayer, state, 0);
call    0 never executed
        -:  850:      }
        -:  851:
        -:  852:      //draw 4
    #####:  853:      for (i = 0; i < 4; i++)
branch  0 never executed
branch  1 never executed
        -:  854:      {
    #####:  855:        drawCard(currentPlayer, state);
call    0 never executed
        -:  856:      }
        -:  857:
        -:  858:      //other players discard hand and redraw if hand size > 4
    #####:  859:      for (i = 0; i < state->numPlayers; i++)
branch  0 never executed
branch  1 never executed
        -:  860:      {
    #####:  861:        if (i != currentPlayer)
branch  0 never executed
branch  1 never executed
        -:  862:        {
    #####:  863:          if ( state->handCount[i] > 4 )
branch  0 never executed
branch  1 never executed
        -:  864:          {
        -:  865:            //discard hand
    #####:  866:            while ( state->handCount[i] > 0 )
branch  0 never executed
branch  1 never executed
        -:  867:            {
    #####:  868:              discardCard(handPos, i, state, 0);
call    0 never executed
        -:  869:            }
        -:  870:
        -:  871:            //draw 4
    #####:  872:            for (j = 0; j < 4; j++)
branch  0 never executed
branch  1 never executed
        -:  873:            {
    #####:  874:              drawCard(i, state);
call    0 never executed
        -:  875:            }
        -:  876:          }
        -:  877:        }
        -:  878:      }
        -:  879:
        -:  880:    }
    #####:  881:    return 0;
        -:  882:
        -:  883:  case steward:
    #####:  884:    if (choice1 == 1)
branch  0 never executed
branch  1 never executed
        -:  885:    {
        -:  886:      //+2 cards
    #####:  887:      drawCard(currentPlayer, state);
call    0 never executed
    #####:  888:      drawCard(currentPlayer, state);
call    0 never executed
        -:  889:    }
    #####:  890:    else if (choice1 == 2)
branch  0 never executed
branch  1 never executed
        -:  891:    {
        -:  892:      //+2 coins
    #####:  893:      state->coins = state->coins + 2;
        -:  894:    }
        -:  895:    else
        -:  896:    {
        -:  897:      //trash 2 cards in hand
    #####:  898:      discardCard(choice2, currentPlayer, state, 1);
call    0 never executed
    #####:  899:      discardCard(choice3, currentPlayer, state, 1);
call    0 never executed
        -:  900:    }
        -:  901:
        -:  902:    //discard card from hand
    #####:  903:    discardCard(handPos, currentPlayer, state, 0);
call    0 never executed
    #####:  904:    return 0;
        -:  905:
        -:  906:  case tribute:
    #####:  907:    if ((state->discardCount[nextPlayer] + state->deckCount[nextPlayer]) <= 1) {
branch  0 never executed
branch  1 never executed
    #####:  908:      if (state->deckCount[nextPlayer] > 0) {
branch  0 never executed
branch  1 never executed
    #####:  909:        tributeRevealedCards[0] = state->deck[nextPlayer][state->deckCount[nextPlayer] - 1];
    #####:  910:        state->deckCount[nextPlayer]--;
        -:  911:      }
    #####:  912:      else if (state->discardCount[nextPlayer] > 0) {
branch  0 never executed
branch  1 never executed
    #####:  913:        tributeRevealedCards[0] = state->discard[nextPlayer][state->discardCount[nextPlayer] - 1];
    #####:  914:        state->discardCount[nextPlayer]--;
        -:  915:      }
        -:  916:      else {
        -:  917:        //No Card to Reveal
        -:  918:        if (DEBUG) {
        -:  919:          printf("No cards to reveal\n");
        -:  920:        }
        -:  921:      }
        -:  922:    }
        -:  923:
        -:  924:    else {
    #####:  925:      if (state->deckCount[nextPlayer] == 0) {
branch  0 never executed
branch  1 never executed
    #####:  926:        for (i = 0; i < state->discardCount[nextPlayer]; i++) {
branch  0 never executed
branch  1 never executed
    #####:  927:          state->deck[nextPlayer][i] = state->discard[nextPlayer][i];//Move to deck
    #####:  928:          state->deckCount[nextPlayer]++;
    #####:  929:          state->discard[nextPlayer][i] = -1;
    #####:  930:          state->discardCount[nextPlayer]--;
        -:  931:        }
        -:  932:
    #####:  933:        shuffle(nextPlayer, state); //Shuffle the deck
call    0 never executed
        -:  934:      }
    #####:  935:      tributeRevealedCards[0] = state->deck[nextPlayer][state->deckCount[nextPlayer] - 1];
    #####:  936:      state->deck[nextPlayer][state->deckCount[nextPlayer]--] = -1;
    #####:  937:      state->deckCount[nextPlayer]--;
    #####:  938:      tributeRevealedCards[1] = state->deck[nextPlayer][state->deckCount[nextPlayer] - 1];
    #####:  939:      state->deck[nextPlayer][state->deckCount[nextPlayer]--] = -1;
    #####:  940:      state->deckCount[nextPlayer]--;
        -:  941:    }
        -:  942:
    #####:  943:    if (tributeRevealedCards[0] == tributeRevealedCards[1]) { //If we have a duplicate card, just drop one
branch  0 never executed
branch  1 never executed
    #####:  944:      state->playedCards[state->playedCardCount] = tributeRevealedCards[1];
    #####:  945:      state->playedCardCount++;
    #####:  946:      tributeRevealedCards[1] = -1;
        -:  947:    }
        -:  948:
    #####:  949:    for (i = 0; i <= 2; i ++) {
branch  0 never executed
branch  1 never executed
    #####:  950:      if (tributeRevealedCards[i] == copper || tributeRevealedCards[i] == silver || tributeRevealedCards[i] == gold) { //Treasure cards
branch  0 never executed
branch  1 never executed
branch  2 never executed
branch  3 never executed
branch  4 never executed
branch  5 never executed
    #####:  951:        state->coins += 2;
        -:  952:      }
        -:  953:
    #####:  954:      else if (tributeRevealedCards[i] == estate || tributeRevealedCards[i] == duchy || tributeRevealedCards[i] == province || tributeRevealedCards[i] == gardens || tributeRevealedCards[i] == great_hall) { //Victory Card Found
branch  0 never executed
branch  1 never executed
branch  2 never executed
branch  3 never executed
branch  4 never executed
branch  5 never executed
branch  6 never executed
branch  7 never executed
branch  8 never executed
branch  9 never executed
    #####:  955:        drawCard(currentPlayer, state);
call    0 never executed
    #####:  956:        drawCard(currentPlayer, state);
call    0 never executed
        -:  957:      }
        -:  958:      else { //Action Card
    #####:  959:        state->numActions = state->numActions + 2;
        -:  960:      }
        -:  961:    }
        -:  962:
    #####:  963:    return 0;
        -:  964:
        -:  965:  case ambassador:
    #####:  966:    j = 0;    //used to check if player has enough cards to discard
        -:  967:
    #####:  968:    if (choice2 > 2 || choice2 < 0)
branch  0 never executed
branch  1 never executed
branch  2 never executed
branch  3 never executed
        -:  969:    {
    #####:  970:      return -1;
        -:  971:    }
        -:  972:
    #####:  973:    if (choice1 == handPos)
branch  0 never executed
branch  1 never executed
        -:  974:    {
    #####:  975:      return -1;
        -:  976:    }
        -:  977:
    #####:  978:    for (i = 0; i < state->handCount[currentPlayer]; i++)
branch  0 never executed
branch  1 never executed
        -:  979:    {
    #####:  980:      if (i != handPos && i == state->hand[currentPlayer][choice1] && i != choice1)
branch  0 never executed
branch  1 never executed
branch  2 never executed
branch  3 never executed
branch  4 never executed
branch  5 never executed
        -:  981:      {
    #####:  982:        j++;
        -:  983:      }
        -:  984:    }
    #####:  985:    if (j < choice2)
branch  0 never executed
branch  1 never executed
        -:  986:    {
    #####:  987:      return -1;
        -:  988:    }
        -:  989:
        -:  990:    if (DEBUG)
        -:  991:      printf("Player %d reveals card number: %d\n", currentPlayer, state->hand[currentPlayer][choice1]);
        -:  992:
        -:  993:    //increase supply count for choosen card by amount being discarded
    #####:  994:    state->supplyCount[state->hand[currentPlayer][choice1]] += choice2;
        -:  995:
        -:  996:    //each other player gains a copy of revealed card
    #####:  997:    for (i = 0; i < state->numPlayers; i++)
branch  0 never executed
branch  1 never executed
        -:  998:    {
    #####:  999:      if (i != currentPlayer)
branch  0 never executed
branch  1 never executed
        -: 1000:      {
    #####: 1001:        gainCard(state->hand[currentPlayer][choice1], state, 0, i);
call    0 never executed
        -: 1002:      }
        -: 1003:    }
        -: 1004:
        -: 1005:    //discard played card from hand
    #####: 1006:    discardCard(handPos, currentPlayer, state, 0);
call    0 never executed
        -: 1007:
        -: 1008:    //trash copies of cards returned to supply
    #####: 1009:    for (j = 0; j < choice2; j++)
branch  0 never executed
branch  1 never executed
        -: 1010:    {
    #####: 1011:      for (i = 0; i < state->handCount[currentPlayer]; i++)
branch  0 never executed
branch  1 never executed
        -: 1012:      {
    #####: 1013:        if (state->hand[currentPlayer][i] == state->hand[currentPlayer][choice1])
branch  0 never executed
branch  1 never executed
        -: 1014:        {
    #####: 1015:          discardCard(i, currentPlayer, state, 1);
call    0 never executed
    #####: 1016:          break;
        -: 1017:        }
        -: 1018:      }
        -: 1019:    }
        -: 1020:
    #####: 1021:    return 0;
        -: 1022:
        -: 1023:  case cutpurse:
        -: 1024:
    #####: 1025:    updateCoins(currentPlayer, state, 2);
call    0 never executed
    #####: 1026:    for (i = 0; i < state->numPlayers; i++)
branch  0 never executed
branch  1 never executed
        -: 1027:    {
    #####: 1028:      if (i != currentPlayer)
branch  0 never executed
branch  1 never executed
        -: 1029:      {
    #####: 1030:        for (j = 0; j < state->handCount[i]; j++)
branch  0 never executed
branch  1 never executed
        -: 1031:        {
    #####: 1032:          if (state->hand[i][j] == copper)
branch  0 never executed
branch  1 never executed
        -: 1033:          {
    #####: 1034:            discardCard(j, i, state, 0);
call    0 never executed
    #####: 1035:            break;
        -: 1036:          }
    #####: 1037:          if (j == state->handCount[i])
branch  0 never executed
branch  1 never executed
        -: 1038:          {
    #####: 1039:            for (k = 0; k < state->handCount[i]; k++)
branch  0 never executed
branch  1 never executed
        -: 1040:            {
        -: 1041:              if (DEBUG)
        -: 1042:                printf("Player %d reveals card number %d\n", i, state->hand[i][k]);
        -: 1043:            }
    #####: 1044:            break;
        -: 1045:          }
        -: 1046:        }
        -: 1047:
        -: 1048:      }
        -: 1049:
        -: 1050:    }
        -: 1051:
        -: 1052:    //discard played card from hand
    #####: 1053:    discardCard(handPos, currentPlayer, state, 0);
call    0 never executed
        -: 1054:
    #####: 1055:    return 0;
        -: 1056:
        -: 1057:
        -: 1058:  case embargo:
        -: 1059:    //+2 Coins
    #####: 1060:    state->coins = state->coins + 2;
        -: 1061:
        -: 1062:    //see if selected pile is in play
    #####: 1063:    if ( state->supplyCount[choice1] == -1 )
branch  0 never executed
branch  1 never executed
        -: 1064:    {
    #####: 1065:      return -1;
        -: 1066:    }
        -: 1067:
        -: 1068:    //add embargo token to selected supply pile
    #####: 1069:    state->embargoTokens[choice1]++;
        -: 1070:
        -: 1071:    //trash card
    #####: 1072:    discardCard(handPos, currentPlayer, state, 1);
call    0 never executed
    #####: 1073:    return 0;
        -: 1074:
        -: 1075:  case outpost:
        -: 1076:    //set outpost flag
    #####: 1077:    state->outpostPlayed++;
        -: 1078:
        -: 1079:    //discard card
    #####: 1080:    discardCard(handPos, currentPlayer, state, 0);
call    0 never executed
    #####: 1081:    return 0;
        -: 1082:
        -: 1083:  case salvager:
        -: 1084:    //+1 buy
    #####: 1085:    state->numBuys++;
        -: 1086:
    #####: 1087:    if (choice1)
branch  0 never executed
branch  1 never executed
        -: 1088:    {
        -: 1089:      //gain coins equal to trashed card
    #####: 1090:      state->coins = state->coins + getCost( handCard(choice1, state) );
call    0 never executed
call    1 never executed
        -: 1091:      //trash card
    #####: 1092:      discardCard(choice1, currentPlayer, state, 1);
call    0 never executed
        -: 1093:    }
        -: 1094:
        -: 1095:    //discard card
    #####: 1096:    discardCard(handPos, currentPlayer, state, 0);
call    0 never executed
    #####: 1097:    return 0;
        -: 1098:
        -: 1099:  case sea_hag:
    #####: 1100:    for (i = 0; i < state->numPlayers; i++) {
branch  0 never executed
branch  1 never executed
    #####: 1101:      if (i != currentPlayer) {
branch  0 never executed
branch  1 never executed
    #####: 1102:        state->discard[i][state->discardCount[i]] = state->deck[i][state->deckCount[i]--];          state->deckCount[i]--;
    #####: 1103:        state->discardCount[i]++;
    #####: 1104:        state->deck[i][state->deckCount[i]--] = curse;//Top card now a curse
        -: 1105:      }
        -: 1106:    }
    #####: 1107:    return 0;
        -: 1108:
        -: 1109:  case treasure_map:
        -: 1110:    //search hand for another treasure_map
    #####: 1111:    index = -1;
    #####: 1112:    for (i = 0; i < state->handCount[currentPlayer]; i++)
branch  0 never executed
branch  1 never executed
        -: 1113:    {
    #####: 1114:      if (state->hand[currentPlayer][i] == treasure_map && i != handPos)
branch  0 never executed
branch  1 never executed
branch  2 never executed
branch  3 never executed
        -: 1115:      {
    #####: 1116:        index = i;
    #####: 1117:        break;
        -: 1118:      }
        -: 1119:    }
    #####: 1120:    if (index > -1)
branch  0 never executed
branch  1 never executed
        -: 1121:    {
        -: 1122:      //trash both treasure cards
    #####: 1123:      discardCard(handPos, currentPlayer, state, 1);
call    0 never executed
    #####: 1124:      discardCard(index, currentPlayer, state, 1);
call    0 never executed
        -: 1125:
        -: 1126:      //gain 4 Gold cards
    #####: 1127:      for (i = 0; i < 4; i++)
branch  0 never executed
branch  1 never executed
        -: 1128:      {
    #####: 1129:        gainCard(gold, state, 1, currentPlayer);
call    0 never executed
        -: 1130:      }
        -: 1131:
        -: 1132:      //return success
    #####: 1133:      return 1;
        -: 1134:    }
        -: 1135:
        -: 1136:    //no second treasure_map found in hand
    #####: 1137:    return -1;
        -: 1138:  }
        -: 1139:
   500005: 1140:  return -1;
        -: 1141:}
        -: 1142:
function discardCard called 5 returned 100% blocks executed 78%
        5: 1143:int discardCard(int handPos, int currentPlayer, struct gameState *state, int trashFlag)
        -: 1144:{
        -: 1145:
        -: 1146:  //if card is not trashed, added to Played pile
        5: 1147:  if (trashFlag < 1)
branch  0 taken 100% (fallthrough)
branch  1 taken 0%
        -: 1148:  {
        -: 1149:    //add card to played pile
        5: 1150:    state->playedCards[state->playedCardCount] = state->hand[currentPlayer][handPos];
        5: 1151:    state->playedCardCount++;
        -: 1152:  }
        -: 1153:
        -: 1154:  //set played card to -1
        5: 1155:  state->hand[currentPlayer][handPos] = -1;
        -: 1156:
        -: 1157:  //remove card from player's hand
        5: 1158:  if ( handPos == (state->handCount[currentPlayer] - 1) )   //last card in hand array is played
branch  0 taken 0% (fallthrough)
branch  1 taken 100%
        -: 1159:  {
        -: 1160:    //reduce number of cards in hand
    #####: 1161:    state->handCount[currentPlayer]--;
        -: 1162:  }
        5: 1163:  else if ( state->handCount[currentPlayer] == 1 ) //only one card in hand
branch  0 taken 0% (fallthrough)
branch  1 taken 100%
        -: 1164:  {
        -: 1165:    //reduce number of cards in hand
    #####: 1166:    state->handCount[currentPlayer]--;
        -: 1167:  }
        -: 1168:  else
        -: 1169:  {
        -: 1170:    //replace discarded card with last card in hand
        5: 1171:    state->hand[currentPlayer][handPos] = state->hand[currentPlayer][ (state->handCount[currentPlayer] - 1)];
        -: 1172:    //set last card to -1
        5: 1173:    state->hand[currentPlayer][state->handCount[currentPlayer] - 1] = -1;
        -: 1174:    //reduce number of cards in hand
        5: 1175:    state->handCount[currentPlayer]--;
        -: 1176:  }
        -: 1177:
        5: 1178:  return 0;
        -: 1179:}
        -: 1180:
function gainCard called 0 returned 0% blocks executed 0%
    #####: 1181:int gainCard(int supplyPos, struct gameState *state, int toFlag, int player)
        -: 1182:{
        -: 1183:  //Note: supplyPos is enum of choosen card
        -: 1184:
        -: 1185:  //check if supply pile is empty (0) or card is not used in game (-1)
    #####: 1186:  if ( supplyCount(supplyPos, state) < 1 )
call    0 never executed
branch  1 never executed
branch  2 never executed
        -: 1187:  {
    #####: 1188:    return -1;
        -: 1189:  }
        -: 1190:
        -: 1191:  //added card for [whoseTurn] current player:
        -: 1192:  // toFlag = 0 : add to discard
        -: 1193:  // toFlag = 1 : add to deck
        -: 1194:  // toFlag = 2 : add to hand
        -: 1195:
    #####: 1196:  if (toFlag == 1)
branch  0 never executed
branch  1 never executed
        -: 1197:  {
    #####: 1198:    state->deck[ player ][ state->deckCount[player] ] = supplyPos;
    #####: 1199:    state->deckCount[player]++;
        -: 1200:  }
    #####: 1201:  else if (toFlag == 2)
branch  0 never executed
branch  1 never executed
        -: 1202:  {
    #####: 1203:    state->hand[ player ][ state->handCount[player] ] = supplyPos;
    #####: 1204:    state->handCount[player]++;
        -: 1205:  }
        -: 1206:  else
        -: 1207:  {
    #####: 1208:    state->discard[player][ state->discardCount[player] ] = supplyPos;
    #####: 1209:    state->discardCount[player]++;
        -: 1210:  }
        -: 1211:
        -: 1212:  //decrease number in supply pile
    #####: 1213:  state->supplyCount[supplyPos]--;
        -: 1214:
    #####: 1215:  return 0;
        -: 1216:}
        -: 1217:
function updateCoins called 2500015 returned 100% blocks executed 100%
  2500015: 1218:int updateCoins(int player, struct gameState *state, int bonus)
        -: 1219:{
        -: 1220:  int i;
        -: 1221:
        -: 1222:  //reset coin count
  2500015: 1223:  state->coins = 0;
        -: 1224:
        -: 1225:  //add coins for each Treasure card in player's hand
383104069: 1226:  for (i = 0; i < state->handCount[player]; i++)
branch  0 taken 99%
branch  1 taken 1% (fallthrough)
        -: 1227:  {
380604054: 1228:    if (state->hand[player][i] == copper)
branch  0 taken 17% (fallthrough)
branch  1 taken 83%
        -: 1229:    {
 66014517: 1230:      state->coins += 1;
        -: 1231:    }
314589537: 1232:    else if (state->hand[player][i] == silver)
branch  0 taken 20% (fallthrough)
branch  1 taken 80%
        -: 1233:    {
 62759808: 1234:      state->coins += 2;
        -: 1235:    }
251829729: 1236:    else if (state->hand[player][i] == gold)
branch  0 taken 25% (fallthrough)
branch  1 taken 75%
        -: 1237:    {
 62840361: 1238:      state->coins += 3;
        -: 1239:    }
        -: 1240:  }
        -: 1241:
        -: 1242:  //add bonus
  2500015: 1243:  state->coins += bonus;
        -: 1244:
  2500015: 1245:  return 0;
        -: 1246:}
        -: 1247:
        -: 1248:// bugged functions
        -: 1249:
function adventurer_function called 500000 returned 100% blocks executed 69%
   500000: 1250:int adventurer_function(struct gameState *state)
        -: 1251:{
   500000: 1252:  int currentPlayer = whoseTurn(state);
call    0 returned 100%
        -: 1253:
        -: 1254:  int temphand[MAX_HAND];// moved above the if statement
   500000: 1255:  int drawntreasure = 0;
        -: 1256:  int cardDrawn;
   500000: 1257:  int z = 0;// this is the counter for the temp hand
        -: 1258:
  1500000: 1259:  while (drawntreasure < 1) { // BUG s/b 2
branch  0 taken 50%
branch  1 taken 50% (fallthrough)
   500000: 1260:    if (state->deckCount[currentPlayer] < 1) { //if the deck is empty we need to shuffle discard and add to deck
branch  0 taken 0% (fallthrough)
branch  1 taken 100%
    #####: 1261:      shuffle(currentPlayer, state);
call    0 never executed
        -: 1262:    }
   500000: 1263:    drawCard(currentPlayer, state);
call    0 returned 100%
   500000: 1264:    cardDrawn = state->hand[currentPlayer][state->handCount[currentPlayer] - 1]; //top card of hand is most recently drawn card.
   500000: 1265:    if (cardDrawn == copper || cardDrawn == silver || cardDrawn == gold)
branch  0 taken 0% (fallthrough)
branch  1 taken 100%
branch  2 never executed
branch  3 never executed
branch  4 never executed
branch  5 never executed
   500000: 1266:      drawntreasure++;
        -: 1267:    else {
    #####: 1268:      temphand[z] = cardDrawn;
    #####: 1269:      state->handCount[currentPlayer]--; //this should just remove the top card (the most recently drawn one).
    #####: 1270:      z++;
        -: 1271:    }
        -: 1272:  }
  1000000: 1273:  while (z - 1 >= 0) {
branch  0 taken 0%
branch  1 taken 100% (fallthrough)
    #####: 1274:    state->discard[currentPlayer][state->discardCount[currentPlayer]++] = temphand[z - 1]; // discard all cards in play that have been drawn
    #####: 1275:    z = z - 1;
        -: 1276:  }
   500000: 1277:  return 0;
        -: 1278:}
        -: 1279:
function smithy_function called 5 returned 100% blocks executed 100%
        5: 1280:int smithy_function(struct gameState *state, int handPos)
        -: 1281:{
        5: 1282:  int i = 0;
        5: 1283:  int currentPlayer = whoseTurn(state);
call    0 returned 100%
        -: 1284:
        -: 1285://+3 Cards
       15: 1286:  for (i = 0; i < 2; i++) //BUG s/b 3
branch  0 taken 67%
branch  1 taken 33% (fallthrough)
        -: 1287:  {
       10: 1288:    drawCard(currentPlayer, state);
call    0 returned 100%
        -: 1289:  }
        -: 1290:
        -: 1291:  //discard card from hand
        5: 1292:  discardCard(handPos, currentPlayer, state, 0);
call    0 returned 100%
        5: 1293:  return 0;
        -: 1294:}
        -: 1295:
function remodel_function called 0 returned 0% blocks executed 0%
    #####: 1296:int remodel_function(struct gameState *state, int choice1, int choice2, int currentPlayer, int handPos)
        -: 1297:{
    #####: 1298:  int i = 0;
    #####: 1299:  int j = state->hand[currentPlayer][choice1];  //store card we will trash
        -: 1300:
    #####: 1301:  if ( (getCost(state->hand[currentPlayer][choice1]) + 2) < getCost(choice2) ) // BUG s/b >
call    0 never executed
call    1 never executed
branch  2 never executed
branch  3 never executed
        -: 1302:  {
    #####: 1303:    return -1;
        -: 1304:  }
        -: 1305:
    #####: 1306:  gainCard(choice2, state, 0, currentPlayer);
call    0 never executed
        -: 1307:
        -: 1308:  //discard card from hand
    #####: 1309:  discardCard(handPos, currentPlayer, state, 0);
call    0 never executed
        -: 1310:
        -: 1311:  //discard trashed card
    #####: 1312:  for (i = 0; i < state->handCount[currentPlayer]; i++)
branch  0 never executed
branch  1 never executed
        -: 1313:  {
    #####: 1314:    if (state->hand[currentPlayer][i] == j)
branch  0 never executed
branch  1 never executed
        -: 1315:    {
    #####: 1316:      discardCard(i, currentPlayer, state, 0);
call    0 never executed
    #####: 1317:      break;
        -: 1318:    }
        -: 1319:  }
    #####: 1320:  return 0;
        -: 1321:}
        -: 1322:
function council_room_function called 0 returned 0% blocks executed 0%
    #####: 1323:int council_room_function(struct gameState *state, int handPos)
        -: 1324:{
    #####: 1325:  int i = 0;
    #####: 1326:  int currentPlayer = whoseTurn(state);
call    0 never executed
        -: 1327:
        -: 1328:  //+4 Cards
    #####: 1329:  for (i = 0; i < 4; i++)
branch  0 never executed
branch  1 never executed
        -: 1330:  {
    #####: 1331:    drawCard(currentPlayer, state);
call    0 never executed
        -: 1332:  }
        -: 1333:
        -: 1334:  //+1 Buy
        -: 1335:  // state->numBuys++; //BUG should not be commented
        -: 1336:
        -: 1337:  //Each other player draws a card
    #####: 1338:  for (i = 0; i < state->numPlayers; i++)
branch  0 never executed
branch  1 never executed
        -: 1339:  {
    #####: 1340:    if ( i != currentPlayer )
branch  0 never executed
branch  1 never executed
        -: 1341:    {
    #####: 1342:      drawCard(i, state);
call    0 never executed
        -: 1343:    }
        -: 1344:  }
        -: 1345:
        -: 1346:  //put played card in played card pile
    #####: 1347:  discardCard(handPos, currentPlayer, state, 0);
call    0 never executed
        -: 1348:
    #####: 1349:  return 0;
        -: 1350:}
        -: 1351:
        -: 1352:// not bugged functions
function great_hall_function called 0 returned 0% blocks executed 0%
    #####: 1353:int great_hall_function(struct gameState *state, int handPos){
        -: 1354:
    #####: 1355:  int currentPlayer = whoseTurn(state);
call    0 never executed
        -: 1356:  
        -: 1357:  //+1 Card
    #####: 1358:  drawCard(currentPlayer, state);
call    0 never executed
        -: 1359:
        -: 1360:  //+1 Actions
    #####: 1361:  state->numActions++;
        -: 1362:
        -: 1363:  //discard card from hand
    #####: 1364:  discardCard(handPos, currentPlayer, state, 0);
call    0 never executed
    #####: 1365:  return 0;
        -: 1366:}
        -: 1367://end of dominion.c
        -: 1368:
