        -:    0:Source:dominion.c
        -:    0:Graph:dominion.gcno
        -:    0:Data:dominion.gcda
        -:    0:Runs:31
        -:    0:Programs:24
        -:    1:#include "dominion.h"
        -:    2:#include "dominion_helpers.h"
        -:    3:#include "rngs.h"
        -:    4:#include <stdio.h>
        -:    5:#include <math.h>
        -:    6:#include <stdlib.h>
        -:    7:
function compare called 930 returned 100% blocks executed 83%
      930:    8:int compare(const void* a, const void* b) {
      930:    9:  if (*(int*)a > *(int*)b)
branch  0 taken 0% (fallthrough)
branch  1 taken 100%
    #####:   10:    return 1;
      930:   11:  if (*(int*)a < *(int*)b)
branch  0 taken 27% (fallthrough)
branch  1 taken 73%
      248:   12:    return -1;
      682:   13:  return 0;
        -:   14:}
        -:   15:
function newGame called 0 returned 0% blocks executed 0%
    #####:   16:struct gameState* newGame() {
    #####:   17:  struct gameState* g = malloc(sizeof(struct gameState));
    #####:   18:  return g;
        -:   19:}
        -:   20:
function kingdomCards called 0 returned 0% blocks executed 0%
    #####:   21:int* kingdomCards(int k1, int k2, int k3, int k4, int k5, int k6, int k7,
        -:   22:		  int k8, int k9, int k10) {
    #####:   23:  int* k = malloc(10 * sizeof(int));
    #####:   24:  k[0] = k1;
    #####:   25:  k[1] = k2;
    #####:   26:  k[2] = k3;
    #####:   27:  k[3] = k4;
    #####:   28:  k[4] = k5;
    #####:   29:  k[5] = k6;
    #####:   30:  k[6] = k7;
    #####:   31:  k[7] = k8;
    #####:   32:  k[8] = k9;
    #####:   33:  k[9] = k10;
    #####:   34:  return k;
        -:   35:}
        -:   36:
function initializeGame called 31 returned 100% blocks executed 88%
       31:   37:int initializeGame(int numPlayers, int kingdomCards[10], int randomSeed,
        -:   38:		   struct gameState *state) {
        -:   39:
        -:   40:  int i;
        -:   41:  int j;
        -:   42:  int it;			
        -:   43:  //set up random number generator
       31:   44:  SelectStream(1);
call    0 returned 100%
       31:   45:  PutSeed((long)randomSeed);
call    0 returned 100%
        -:   46:  
        -:   47:  //check number of players
       31:   48:  if (numPlayers > MAX_PLAYERS || numPlayers < 2)
branch  0 taken 100% (fallthrough)
branch  1 taken 0%
branch  2 taken 0% (fallthrough)
branch  3 taken 100%
        -:   49:    {
    #####:   50:      return -1;
        -:   51:    }
        -:   52:
        -:   53:  //set number of players
       31:   54:  state->numPlayers = numPlayers;
        -:   55:
        -:   56:  //check selected kingdom cards are different
      341:   57:  for (i = 0; i < 10; i++)
branch  0 taken 91%
branch  1 taken 9% (fallthrough)
        -:   58:    {
     3410:   59:      for (j = 0; j < 10; j++)
branch  0 taken 91%
branch  1 taken 9% (fallthrough)
        -:   60:        {
     3100:   61:	  if (j != i && kingdomCards[j] == kingdomCards[i])
branch  0 taken 90% (fallthrough)
branch  1 taken 10%
branch  2 taken 0% (fallthrough)
branch  3 taken 100%
        -:   62:	    {
        -:   63:
    #####:   64:	      return -1;
        -:   65:	    }
        -:   66:        }
        -:   67:    }
        -:   68:
        -:   69:
        -:   70:  //initialize supply
        -:   71:  ///////////////////////////////
        -:   72:
        -:   73:  //set number of Curse cards
       31:   74:  if (numPlayers == 2)
branch  0 taken 100% (fallthrough)
branch  1 taken 0%
        -:   75:    {
       31:   76:      state->supplyCount[curse] = 10;
        -:   77:    }
    #####:   78:  else if (numPlayers == 3)
branch  0 never executed
branch  1 never executed
        -:   79:    {
    #####:   80:      state->supplyCount[curse] = 20;
        -:   81:    }
        -:   82:  else
        -:   83:    {
    #####:   84:      state->supplyCount[curse] = 30;
        -:   85:    }
        -:   86:
        -:   87:  //set number of Victory cards
       31:   88:  if (numPlayers == 2)
branch  0 taken 100% (fallthrough)
branch  1 taken 0%
        -:   89:    {
       31:   90:      state->supplyCount[estate] = 8;
       31:   91:      state->supplyCount[duchy] = 8;
       31:   92:      state->supplyCount[province] = 8;
        -:   93:    }
        -:   94:  else
        -:   95:    {
    #####:   96:      state->supplyCount[estate] = 12;
    #####:   97:      state->supplyCount[duchy] = 12;
    #####:   98:      state->supplyCount[province] = 12;
        -:   99:    }
        -:  100:
        -:  101:  //set number of Treasure cards
       31:  102:  state->supplyCount[copper] = 60 - (7 * numPlayers);
       31:  103:  state->supplyCount[silver] = 40;
       31:  104:  state->supplyCount[gold] = 30;
        -:  105:
        -:  106:  //set number of Kingdom cards
      651:  107:  for (i = adventurer; i <= treasure_map; i++)       	//loop all cards
branch  0 taken 95%
branch  1 taken 5% (fallthrough)
        -:  108:    {
     5115:  109:      for (j = 0; j < 10; j++)           		//loop chosen cards
branch  0 taken 94%
branch  1 taken 6% (fallthrough)
        -:  110:	{
     4805:  111:	  if (kingdomCards[j] == i)
branch  0 taken 6% (fallthrough)
branch  1 taken 94%
        -:  112:	    {
        -:  113:	      //check if card is a 'Victory' Kingdom card
      310:  114:	      if (kingdomCards[j] == great_hall || kingdomCards[j] == gardens)
branch  0 taken 100% (fallthrough)
branch  1 taken 0%
branch  2 taken 10% (fallthrough)
branch  3 taken 90%
        -:  115:		{
       62:  116:		  if (numPlayers == 2){ 
branch  0 taken 100% (fallthrough)
branch  1 taken 0%
       31:  117:		    state->supplyCount[i] = 8; 
        -:  118:		  }
    #####:  119:		  else{ state->supplyCount[i] = 12; }
        -:  120:		}
        -:  121:	      else
        -:  122:		{
      279:  123:		  state->supplyCount[i] = 10;
        -:  124:		}
      310:  125:	      break;
        -:  126:	    }
        -:  127:	  else    //card is not in the set choosen for the game
        -:  128:	    {
     4495:  129:	      state->supplyCount[i] = -1;
        -:  130:	    }
        -:  131:	}
        -:  132:
        -:  133:    }
        -:  134:
        -:  135:  ////////////////////////
        -:  136:  //supply intilization complete
        -:  137:
        -:  138:  //set player decks
       93:  139:  for (i = 0; i < numPlayers; i++)
branch  0 taken 67%
branch  1 taken 33% (fallthrough)
        -:  140:    {
       62:  141:      state->deckCount[i] = 0;
      248:  142:      for (j = 0; j < 3; j++)
branch  0 taken 75%
branch  1 taken 25% (fallthrough)
        -:  143:	{
      186:  144:	  state->deck[i][j] = estate;
      186:  145:	  state->deckCount[i]++;
        -:  146:	}
      496:  147:      for (j = 3; j < 10; j++)
branch  0 taken 88%
branch  1 taken 13% (fallthrough)
        -:  148:	{
      434:  149:	  state->deck[i][j] = copper;
      434:  150:	  state->deckCount[i]++;		
        -:  151:	}
        -:  152:    }
        -:  153:
        -:  154:  //shuffle player decks
       93:  155:  for (i = 0; i < numPlayers; i++)
branch  0 taken 67%
branch  1 taken 33% (fallthrough)
        -:  156:    {
       62:  157:      if ( shuffle(i, state) < 0 )
call    0 returned 100%
branch  1 taken 0% (fallthrough)
branch  2 taken 100%
        -:  158:	{
    #####:  159:	  return -1;
        -:  160:	}
        -:  161:    }
        -:  162:
        -:  163:  //draw player hands
       93:  164:  for (i = 0; i < numPlayers; i++)
branch  0 taken 67%
branch  1 taken 33% (fallthrough)
        -:  165:    {  
        -:  166:      //initialize hand size to zero
       62:  167:      state->handCount[i] = 0;
       62:  168:      state->discardCount[i] = 0;
        -:  169:      //draw 5 cards
        -:  170:      // for (j = 0; j < 5; j++)
        -:  171:      //	{
        -:  172:      //	  drawCard(i, state);
        -:  173:      //	}
        -:  174:    }
        -:  175:  
        -:  176:  //set embargo tokens to 0 for all supply piles
      868:  177:  for (i = 0; i <= treasure_map; i++)
branch  0 taken 96%
branch  1 taken 4% (fallthrough)
        -:  178:    {
      837:  179:      state->embargoTokens[i] = 0;
        -:  180:    }
        -:  181:
        -:  182:  //initialize first player's turn
       31:  183:  state->outpostPlayed = 0;
       31:  184:  state->phase = 0;
       31:  185:  state->numActions = 1;
       31:  186:  state->numBuys = 1;
       31:  187:  state->playedCardCount = 0;
       31:  188:  state->whoseTurn = 0;
       31:  189:  state->handCount[state->whoseTurn] = 0;
        -:  190:  //int it; move to top
        -:  191:
        -:  192:  //Moved draw cards to here, only drawing at the start of a turn
      186:  193:  for (it = 0; it < 5; it++){
branch  0 taken 83%
branch  1 taken 17% (fallthrough)
      155:  194:    drawCard(state->whoseTurn, state);
call    0 returned 100%
        -:  195:  }
        -:  196:
       31:  197:  updateCoins(state->whoseTurn, state, 0);
call    0 returned 100%
        -:  198:
       31:  199:  return 0;
        -:  200:}
        -:  201:
function shuffle called 232 returned 100% blocks executed 100%
      232:  202:int shuffle(int player, struct gameState *state) {
        -:  203: 
        -:  204:
        -:  205:  int newDeck[MAX_DECK];
      232:  206:  int newDeckPos = 0;
        -:  207:  int card;
        -:  208:  int i;
        -:  209:
      232:  210:  if (state->deckCount[player] < 1)
branch  0 taken 73% (fallthrough)
branch  1 taken 27%
      170:  211:    return -1;
       62:  212:  qsort ((void*)(state->deck[player]), state->deckCount[player], sizeof(int), compare); 
call    0 returned 100%
        -:  213:  /* SORT CARDS IN DECK TO ENSURE DETERMINISM! */
        -:  214:
      744:  215:  while (state->deckCount[player] > 0) {
branch  0 taken 91%
branch  1 taken 9% (fallthrough)
      620:  216:    card = floor(Random() * state->deckCount[player]);
call    0 returned 100%
      620:  217:    newDeck[newDeckPos] = state->deck[player][card];
      620:  218:    newDeckPos++;
     1922:  219:    for (i = card; i < state->deckCount[player]-1; i++) {
branch  0 taken 68%
branch  1 taken 32% (fallthrough)
     1302:  220:      state->deck[player][i] = state->deck[player][i+1];
        -:  221:    }
      620:  222:    state->deckCount[player]--;
        -:  223:  }
      682:  224:  for (i = 0; i < newDeckPos; i++) {
branch  0 taken 91%
branch  1 taken 9% (fallthrough)
      620:  225:    state->deck[player][i] = newDeck[i];
      620:  226:    state->deckCount[player]++;
        -:  227:  }
        -:  228:
       62:  229:  return 0;
        -:  230:}
        -:  231:
function playCard called 0 returned 0% blocks executed 0%
    #####:  232:int playCard(int handPos, int choice1, int choice2, int choice3, struct gameState *state) 
        -:  233:{	
        -:  234:  int card;
    #####:  235:  int coin_bonus = 0; 		//tracks coins gain from actions
        -:  236:
        -:  237:  //check if it is the right phase
    #####:  238:  if (state->phase != 0)
branch  0 never executed
branch  1 never executed
        -:  239:    {
    #####:  240:      return -1;
        -:  241:    }
        -:  242:	
        -:  243:  //check if player has enough actions
    #####:  244:  if ( state->numActions < 1 )
branch  0 never executed
branch  1 never executed
        -:  245:    {
    #####:  246:      return -1;
        -:  247:    }
        -:  248:	
        -:  249:  //get card played
    #####:  250:  card = handCard(handPos, state);
call    0 never executed
        -:  251:	
        -:  252:  //check if selected card is an action
    #####:  253:  if ( card < adventurer || card > treasure_map )
branch  0 never executed
branch  1 never executed
branch  2 never executed
branch  3 never executed
        -:  254:    {
    #####:  255:      return -1;
        -:  256:    }
        -:  257:	
        -:  258:  //play card
    #####:  259:  if ( cardEffect(card, choice1, choice2, choice3, state, handPos, &coin_bonus) < 0 )
call    0 never executed
branch  1 never executed
branch  2 never executed
        -:  260:    {
    #####:  261:      return -1;
        -:  262:    }
        -:  263:	
        -:  264:  //reduce number of actions
    #####:  265:  state->numActions--;
        -:  266:
        -:  267:  //update coins (Treasure cards may be added with card draws)
    #####:  268:  updateCoins(state->whoseTurn, state, coin_bonus);
call    0 never executed
        -:  269:	
    #####:  270:  return 0;
        -:  271:}
        -:  272:
function buyCard called 0 returned 0% blocks executed 0%
    #####:  273:int buyCard(int supplyPos, struct gameState *state) {
        -:  274:  int who;
        -:  275:  if (DEBUG){
        -:  276:    printf("Entering buyCard...\n");
        -:  277:  }
        -:  278:
        -:  279:  // I don't know what to do about the phase thing.
        -:  280:
    #####:  281:  who = state->whoseTurn;
        -:  282:
    #####:  283:  if (state->numBuys < 1){
branch  0 never executed
branch  1 never executed
        -:  284:    if (DEBUG)
        -:  285:      printf("You do not have any buys left\n");
    #####:  286:    return -1;
    #####:  287:  } else if (supplyCount(supplyPos, state) <1){
call    0 never executed
branch  1 never executed
branch  2 never executed
        -:  288:    if (DEBUG)
        -:  289:      printf("There are not any of that type of card left\n");
    #####:  290:    return -1;
    #####:  291:  } else if (state->coins < getCost(supplyPos)){
call    0 never executed
branch  1 never executed
branch  2 never executed
        -:  292:    if (DEBUG) 
        -:  293:      printf("You do not have enough money to buy that. You have %d coins.\n", state->coins);
    #####:  294:    return -1;
        -:  295:  } else {
    #####:  296:    state->phase=1;
        -:  297:    //state->supplyCount[supplyPos]--;
    #####:  298:    gainCard(supplyPos, state, 0, who); //card goes in discard, this might be wrong.. (2 means goes into hand, 0 goes into discard)
call    0 never executed
        -:  299:  
    #####:  300:    state->coins = (state->coins) - (getCost(supplyPos));
call    0 never executed
    #####:  301:    state->numBuys--;
        -:  302:    if (DEBUG)
        -:  303:      printf("You bought card number %d for %d coins. You now have %d buys and %d coins.\n", supplyPos, getCost(supplyPos), state->numBuys, state->coins);
        -:  304:  }
        -:  305:
        -:  306:  //state->discard[who][state->discardCount[who]] = supplyPos;
        -:  307:  //state->discardCount[who]++;
        -:  308:    
    #####:  309:  return 0;
        -:  310:}
        -:  311:
function numHandCards called 9 returned 100% blocks executed 100%
        9:  312:int numHandCards(struct gameState *state) {
        9:  313:  return state->handCount[ whoseTurn(state) ];
call    0 returned 100%
        -:  314:}
        -:  315:
function handCard called 0 returned 0% blocks executed 0%
    #####:  316:int handCard(int handPos, struct gameState *state) {
    #####:  317:  int currentPlayer = whoseTurn(state);
call    0 never executed
    #####:  318:  return state->hand[currentPlayer][handPos];
        -:  319:}
        -:  320:
function supplyCount called 0 returned 0% blocks executed 0%
    #####:  321:int supplyCount(int card, struct gameState *state) {
    #####:  322:  return state->supplyCount[card];
        -:  323:}
        -:  324:
function fullDeckCount called 9 returned 100% blocks executed 100%
        9:  325:int fullDeckCount(int player, int card, struct gameState *state) {
        -:  326:  int i;
        9:  327:  int count = 0;
        -:  328:
     3011:  329:  for (i = 0; i < state->deckCount[player]; i++)
branch  0 taken 99%
branch  1 taken 1% (fallthrough)
        -:  330:    {
     3002:  331:      if (state->deck[player][i] == card) count++;
branch  0 taken 30% (fallthrough)
branch  1 taken 70%
        -:  332:    }
        -:  333:
     3011:  334:  for (i = 0; i < state->handCount[player]; i++)
branch  0 taken 99%
branch  1 taken 1% (fallthrough)
        -:  335:    {
     3002:  336:      if (state->hand[player][i] == card) count++;
branch  0 taken 30% (fallthrough)
branch  1 taken 70%
        -:  337:    }
        -:  338:
     3011:  339:  for (i = 0; i < state->discardCount[player]; i++)
branch  0 taken 99%
branch  1 taken 1% (fallthrough)
        -:  340:    {
     3002:  341:      if (state->discard[player][i] == card) count++;
branch  0 taken 30% (fallthrough)
branch  1 taken 70%
        -:  342:    }
        -:  343:
        9:  344:  return count;
        -:  345:}
        -:  346:
function whoseTurn called 28 returned 100% blocks executed 100%
       28:  347:int whoseTurn(struct gameState *state) {
       28:  348:  return state->whoseTurn;
        -:  349:}
        -:  350:
function endTurn called 0 returned 0% blocks executed 0%
    #####:  351:int endTurn(struct gameState *state) {
        -:  352:  int k;
        -:  353:  int i;
    #####:  354:  int currentPlayer = whoseTurn(state);
call    0 never executed
        -:  355:  
        -:  356:  //Discard hand
    #####:  357:  for (i = 0; i < state->handCount[currentPlayer]; i++){
branch  0 never executed
branch  1 never executed
    #####:  358:    state->discard[currentPlayer][state->discardCount[currentPlayer]++] = state->hand[currentPlayer][i];//Discard
    #####:  359:    state->hand[currentPlayer][i] = -1;//Set card to -1
        -:  360:  }
    #####:  361:  state->handCount[currentPlayer] = 0;//Reset hand count
        -:  362:    
        -:  363:  //Code for determining the player
    #####:  364:  if (currentPlayer < (state->numPlayers - 1)){ 
branch  0 never executed
branch  1 never executed
    #####:  365:    state->whoseTurn = currentPlayer + 1;//Still safe to increment
        -:  366:  }
        -:  367:  else{
    #####:  368:    state->whoseTurn = 0;//Max player has been reached, loop back around to player 1
        -:  369:  }
        -:  370:
    #####:  371:  state->outpostPlayed = 0;
    #####:  372:  state->phase = 0;
    #####:  373:  state->numActions = 1;
    #####:  374:  state->coins = 0;
    #####:  375:  state->numBuys = 1;
    #####:  376:  state->playedCardCount = 0;
    #####:  377:  state->handCount[state->whoseTurn] = 0;
        -:  378:
        -:  379:  //int k; move to top
        -:  380:  //Next player draws hand
    #####:  381:  for (k = 0; k < 5; k++){
branch  0 never executed
branch  1 never executed
    #####:  382:    drawCard(state->whoseTurn, state);//Draw a card
call    0 never executed
        -:  383:  }
        -:  384:
        -:  385:  //Update money
    #####:  386:  updateCoins(state->whoseTurn, state , 0);
call    0 never executed
        -:  387:
    #####:  388:  return 0;
        -:  389:}
        -:  390:
function isGameOver called 27 returned 100% blocks executed 100%
       27:  391:int isGameOver(struct gameState *state) {
        -:  392:  int i;
        -:  393:  int j;
        -:  394:	
        -:  395:  //if stack of Province cards is empty, the game ends
       27:  396:  if (state->supplyCount[province] == 0)
branch  0 taken 33% (fallthrough)
branch  1 taken 67%
        -:  397:    {
        9:  398:      return 1;
        -:  399:    }
        -:  400:
        -:  401:  //if three supply pile are at 0, the game ends
       18:  402:  j = 0;
      468:  403:  for (i = 0; i < 25; i++)
branch  0 taken 96%
branch  1 taken 4% (fallthrough)
        -:  404:    {
      450:  405:      if (state->supplyCount[i] == 0)
branch  0 taken 6% (fallthrough)
branch  1 taken 94%
        -:  406:	{
       27:  407:	  j++;
        -:  408:	}
        -:  409:    }
       18:  410:  if ( j >= 3)
branch  0 taken 50% (fallthrough)
branch  1 taken 50%
        -:  411:    {
        9:  412:      return 1;
        -:  413:    }
        -:  414:
        9:  415:  return 0;
        -:  416:}
        -:  417:
function scoreFor called 0 returned 0% blocks executed 0%
    #####:  418:int scoreFor (int player, struct gameState *state) {
        -:  419:
        -:  420:  int i;
    #####:  421:  int score = 0;
        -:  422:  //score from hand
    #####:  423:  for (i = 0; i < state->handCount[player]; i++)
branch  0 never executed
branch  1 never executed
        -:  424:    {
    #####:  425:      if (state->hand[player][i] == curse) { score = score - 1; };
branch  0 never executed
branch  1 never executed
    #####:  426:      if (state->hand[player][i] == estate) { score = score + 1; };
branch  0 never executed
branch  1 never executed
    #####:  427:      if (state->hand[player][i] == duchy) { score = score + 3; };
branch  0 never executed
branch  1 never executed
    #####:  428:      if (state->hand[player][i] == province) { score = score + 6; };
branch  0 never executed
branch  1 never executed
    #####:  429:      if (state->hand[player][i] == great_hall) { score = score + 1; };
branch  0 never executed
branch  1 never executed
    #####:  430:      if (state->hand[player][i] == gardens) { score = score + ( fullDeckCount(player, 0, state) / 10 ); };
branch  0 never executed
branch  1 never executed
call    2 never executed
        -:  431:    }
        -:  432:
        -:  433:  //score from discard
    #####:  434:  for (i = 0; i < state->discardCount[player]; i++)
branch  0 never executed
branch  1 never executed
        -:  435:    {
    #####:  436:      if (state->discard[player][i] == curse) { score = score - 1; };
branch  0 never executed
branch  1 never executed
    #####:  437:      if (state->discard[player][i] == estate) { score = score + 1; };
branch  0 never executed
branch  1 never executed
    #####:  438:      if (state->discard[player][i] == duchy) { score = score + 3; };
branch  0 never executed
branch  1 never executed
    #####:  439:      if (state->discard[player][i] == province) { score = score + 6; };
branch  0 never executed
branch  1 never executed
    #####:  440:      if (state->discard[player][i] == great_hall) { score = score + 1; };
branch  0 never executed
branch  1 never executed
    #####:  441:      if (state->discard[player][i] == gardens) { score = score + ( fullDeckCount(player, 0, state) / 10 ); };
branch  0 never executed
branch  1 never executed
call    2 never executed
        -:  442:    }
        -:  443:
        -:  444:  //score from deck
    #####:  445:  for (i = 0; i < state->discardCount[player]; i++)
branch  0 never executed
branch  1 never executed
        -:  446:    {
    #####:  447:      if (state->deck[player][i] == curse) { score = score - 1; };
branch  0 never executed
branch  1 never executed
    #####:  448:      if (state->deck[player][i] == estate) { score = score + 1; };
branch  0 never executed
branch  1 never executed
    #####:  449:      if (state->deck[player][i] == duchy) { score = score + 3; };
branch  0 never executed
branch  1 never executed
    #####:  450:      if (state->deck[player][i] == province) { score = score + 6; };
branch  0 never executed
branch  1 never executed
    #####:  451:      if (state->deck[player][i] == great_hall) { score = score + 1; };
branch  0 never executed
branch  1 never executed
    #####:  452:      if (state->deck[player][i] == gardens) { score = score + ( fullDeckCount(player, 0, state) / 10 ); };
branch  0 never executed
branch  1 never executed
call    2 never executed
        -:  453:    }
        -:  454:
    #####:  455:  return score;
        -:  456:}
        -:  457:
function getWinners called 0 returned 0% blocks executed 0%
    #####:  458:int getWinners(int players[MAX_PLAYERS], struct gameState *state) {
        -:  459:  int i;	
        -:  460:  int j;
        -:  461:  int highScore;
        -:  462:  int currentPlayer;
        -:  463:
        -:  464:  //get score for each player
    #####:  465:  for (i = 0; i < MAX_PLAYERS; i++)
branch  0 never executed
branch  1 never executed
        -:  466:    {
        -:  467:      //set unused player scores to -9999
    #####:  468:      if (i >= state->numPlayers)
branch  0 never executed
branch  1 never executed
        -:  469:	{
    #####:  470:	  players[i] = -9999;
        -:  471:	}
        -:  472:      else
        -:  473:	{
    #####:  474:	  players[i] = scoreFor (i, state);
call    0 never executed
        -:  475:	}
        -:  476:    }
        -:  477:
        -:  478:  //find highest score
    #####:  479:  j = 0;
    #####:  480:  for (i = 0; i < MAX_PLAYERS; i++)
branch  0 never executed
branch  1 never executed
        -:  481:    {
    #####:  482:      if (players[i] > players[j])
branch  0 never executed
branch  1 never executed
        -:  483:	{
    #####:  484:	  j = i;
        -:  485:	}
        -:  486:    }
    #####:  487:  highScore = players[j];
        -:  488:
        -:  489:  //add 1 to players who had less turns
    #####:  490:  currentPlayer = whoseTurn(state);
call    0 never executed
    #####:  491:  for (i = 0; i < MAX_PLAYERS; i++)
branch  0 never executed
branch  1 never executed
        -:  492:    {
    #####:  493:      if ( players[i] == highScore && i > currentPlayer )
branch  0 never executed
branch  1 never executed
branch  2 never executed
branch  3 never executed
        -:  494:	{
    #####:  495:	  players[i]++;
        -:  496:	}
        -:  497:    }
        -:  498:
        -:  499:  //find new highest score
    #####:  500:  j = 0;
    #####:  501:  for (i = 0; i < MAX_PLAYERS; i++)
branch  0 never executed
branch  1 never executed
        -:  502:    {
    #####:  503:      if ( players[i] > players[j] )
branch  0 never executed
branch  1 never executed
        -:  504:	{
    #####:  505:	  j = i;
        -:  506:	}
        -:  507:    }
    #####:  508:  highScore = players[j];
        -:  509:
        -:  510:  //set winners in array to 1 and rest to 0
    #####:  511:  for (i = 0; i < MAX_PLAYERS; i++)
branch  0 never executed
branch  1 never executed
        -:  512:    {
    #####:  513:      if ( players[i] == highScore )
branch  0 never executed
branch  1 never executed
        -:  514:	{
    #####:  515:	  players[i] = 1;
        -:  516:	}
        -:  517:      else
        -:  518:	{
    #####:  519:	  players[i] = 0;
        -:  520:	}
        -:  521:    }
        -:  522:
    #####:  523:  return 0;
        -:  524:}
        -:  525:
function drawCard called 300 returned 100% blocks executed 85%
      300:  526:int drawCard(int player, struct gameState *state)
        -:  527:{	int count;
        -:  528:  int deckCounter;
      300:  529:  if (state->deckCount[player] <= 0){//Deck is empty
branch  0 taken 28% (fallthrough)
branch  1 taken 72%
        -:  530:    
        -:  531:    //Step 1 Shuffle the discard pile back into a deck
        -:  532:    int i;
        -:  533:    //Move discard to deck
       85:  534:    for (i = 0; i < state->discardCount[player];i++){
branch  0 taken 0%
branch  1 taken 100% (fallthrough)
    #####:  535:      state->deck[player][i] = state->discard[player][i];
    #####:  536:      state->discard[player][i] = -1;
        -:  537:    }
        -:  538:
       85:  539:    state->deckCount[player] = state->discardCount[player];
       85:  540:    state->discardCount[player] = 0;//Reset discard
        -:  541:
        -:  542:    //Shufffle the deck
       85:  543:    shuffle(player, state);//Shuffle the deck up and make it so that we can draw
call    0 returned 100%
        -:  544:   
        -:  545:    if (DEBUG){//Debug statements
        -:  546:      printf("Deck count now: %d\n", state->deckCount[player]);
        -:  547:    }
        -:  548:    
       85:  549:    state->discardCount[player] = 0;
        -:  550:
        -:  551:    //Step 2 Draw Card
       85:  552:    count = state->handCount[player];//Get current player's hand count
        -:  553:    
        -:  554:    if (DEBUG){//Debug statements
        -:  555:      printf("Current hand count: %d\n", count);
        -:  556:    }
        -:  557:    
       85:  558:    deckCounter = state->deckCount[player];//Create a holder for the deck count
        -:  559:
       85:  560:    if (deckCounter == 0)
branch  0 taken 100% (fallthrough)
branch  1 taken 0%
       85:  561:      return -1;
        -:  562:
    #####:  563:    state->hand[player][count] = state->deck[player][deckCounter - 1];//Add card to hand
    #####:  564:    state->deckCount[player]--;
    #####:  565:    state->handCount[player]++;//Increment hand count
        -:  566:  }
        -:  567:
        -:  568:  else{
      215:  569:    int count = state->handCount[player];//Get current hand count for player
        -:  570:    int deckCounter;
        -:  571:    if (DEBUG){//Debug statements
        -:  572:      printf("Current hand count: %d\n", count);
        -:  573:    }
        -:  574:
      215:  575:    deckCounter = state->deckCount[player];//Create holder for the deck count
      215:  576:    state->hand[player][count] = state->deck[player][deckCounter - 1];//Add card to the hand
      215:  577:    state->deckCount[player]--;
      215:  578:    state->handCount[player]++;//Increment hand count
        -:  579:  }
        -:  580:
      215:  581:  return 0;
        -:  582:}
        -:  583:
function getCost called 0 returned 0% blocks executed 0%
    #####:  584:int getCost(int cardNumber)
        -:  585:{
    #####:  586:  switch( cardNumber ) 
branch  0 never executed
branch  1 never executed
branch  2 never executed
branch  3 never executed
branch  4 never executed
branch  5 never executed
branch  6 never executed
branch  7 never executed
branch  8 never executed
branch  9 never executed
branch 10 never executed
branch 11 never executed
branch 12 never executed
branch 13 never executed
branch 14 never executed
branch 15 never executed
branch 16 never executed
branch 17 never executed
branch 18 never executed
branch 19 never executed
branch 20 never executed
branch 21 never executed
branch 22 never executed
branch 23 never executed
branch 24 never executed
branch 25 never executed
branch 26 never executed
branch 27 never executed
        -:  587:    {
        -:  588:    case curse:
    #####:  589:      return 0;
        -:  590:    case estate:
    #####:  591:      return 2;
        -:  592:    case duchy:
    #####:  593:      return 5;
        -:  594:    case province:
    #####:  595:      return 8;
        -:  596:    case copper:
    #####:  597:      return 0;
        -:  598:    case silver:
    #####:  599:      return 3;
        -:  600:    case gold:
    #####:  601:      return 6;
        -:  602:    case adventurer:
    #####:  603:      return 6;
        -:  604:    case council_room:
    #####:  605:      return 5;
        -:  606:    case feast:
    #####:  607:      return 4;
        -:  608:    case gardens:
    #####:  609:      return 4;
        -:  610:    case mine:
    #####:  611:      return 5;
        -:  612:    case remodel:
    #####:  613:      return 4;
        -:  614:    case smithy:
    #####:  615:      return 4;
        -:  616:    case village:
    #####:  617:      return 3;
        -:  618:    case baron:
    #####:  619:      return 4;
        -:  620:    case great_hall:
    #####:  621:      return 3;
        -:  622:    case minion:
    #####:  623:      return 5;
        -:  624:    case steward:
    #####:  625:      return 3;
        -:  626:    case tribute:
    #####:  627:      return 5;
        -:  628:    case ambassador:
    #####:  629:      return 3;
        -:  630:    case cutpurse:
    #####:  631:      return 4;
        -:  632:    case embargo: 
    #####:  633:      return 2;
        -:  634:    case outpost:
    #####:  635:      return 5;
        -:  636:    case salvager:
    #####:  637:      return 4;
        -:  638:    case sea_hag:
    #####:  639:      return 4;
        -:  640:    case treasure_map:
    #####:  641:      return 4;
        -:  642:    }
        -:  643:	
    #####:  644:  return -1;
        -:  645:}
        -:  646:
        -:  647:
        -:  648:
function adventurerEffect called 3 returned 100% blocks executed 100%
        3:  649:int adventurerEffect(struct gameState *state, int currentPlayer){
        -:  650:
        -:  651:  	// Init Variables
        -:  652:	int temphand[MAX_HAND];// moved above the if statement
        3:  653:  	int drawntreasure=0;
        -:  654:  	int cardDrawn;
        3:  655:  	int z = 0;// this is the counter for the temp handi
        -:  656:
      106:  657:      while(drawntreasure<2){
branch  0 taken 97%
branch  1 taken 3% (fallthrough)
      100:  658:	if (state->deckCount[currentPlayer] <1){//if the deck is empty we need to shuffle discard and add to deck
branch  0 taken 85% (fallthrough)
branch  1 taken 15%
       85:  659:	  shuffle(currentPlayer, state);
call    0 returned 100%
        -:  660:	}
      100:  661:	drawCard(currentPlayer, state);
call    0 returned 100%
      100:  662:	cardDrawn = state->hand[currentPlayer][state->handCount[currentPlayer]-1];//top card of hand is most recently drawn card.
      100:  663:	if (cardDrawn == silver || cardDrawn == gold)
branch  0 taken 94% (fallthrough)
branch  1 taken 6%
branch  2 taken 0% (fallthrough)
branch  3 taken 100%
        6:  664:	  drawntreasure++;
        -:  665:	else{
       94:  666:	  temphand[z]=cardDrawn;
       94:  667:	  state->handCount[currentPlayer]--; //this should just remove the top card (the most recently drawn one).
       94:  668:	  z++;
        -:  669:	}
        -:  670:      }
      100:  671:      while(z-1>=0){
branch  0 taken 97%
branch  1 taken 3% (fallthrough)
       94:  672:	state->discard[currentPlayer][state->discardCount[currentPlayer]++]=temphand[z-1]; // discard all cards in play that have been drawn
       94:  673:	z=z-1;
        -:  674:      }
        3:  675:      return 0;
        -:  676:
        -:  677:}
        -:  678:
function smithyEffect called 10 returned 100% blocks executed 100%
       10:  679:int smithyEffect(struct gameState *state, int currentPlayer, int handPos){
        -:  680:      //+3 Cards
        -:  681:      int i; 
        -:  682:
       40:  683:      for (i = 0; i <3 ; i++)
branch  0 taken 75%
branch  1 taken 25% (fallthrough)
        -:  684:	{
       30:  685:	  drawCard(currentPlayer, state);
call    0 returned 100%
        -:  686:	}
        -:  687:			
        -:  688:      //discard card from hand
       10:  689:      discardCard(handPos, currentPlayer, state, 0);
call    0 returned 100%
       10:  690:      return 0;
        -:  691:
        -:  692:}
        -:  693:
function councilRoomEffect called 3 returned 100% blocks executed 100%
        3:  694:int councilRoomEffect(struct gameState *state, int currentPlayer, int handPos){
        -:  695:
        -:  696:      int i; 
        -:  697:
        -:  698:      //+4 Cards
       12:  699:      for (i = 0; i <3 ; i++)
branch  0 taken 75%
branch  1 taken 25% (fallthrough)
        -:  700:	{
        9:  701:	  drawCard(currentPlayer, state);
call    0 returned 100%
        -:  702:	}
        -:  703:			
        -:  704:      //+1 Buy
        3:  705:      state->numBuys++;
        -:  706:			
        -:  707:      //Each other player draws a card
        9:  708:      for (i = 0; i < state->numPlayers; i++)
branch  0 taken 67%
branch  1 taken 33% (fallthrough)
        -:  709:	{
        6:  710:	  if ( i != currentPlayer )
branch  0 taken 50% (fallthrough)
branch  1 taken 50%
        -:  711:	    {
        3:  712:	      drawCard(i, state);
call    0 returned 100%
        -:  713:	    }
        -:  714:	}
        -:  715:			
        -:  716:      //put played card in played card pile
        3:  717:      discardCard(handPos, currentPlayer, state, 0);
call    0 returned 100%
        -:  718:			
        3:  719:      return 0;
        -:  720:
        -:  721:}
        -:  722:
function gardensEffect called 0 returned 0% blocks executed 0%
    #####:  723:int gardensEffect(){
    #####:  724:	return -1; 
        -:  725:}
        -:  726:
        -:  727:
function villageEffect called 3 returned 100% blocks executed 100%
        3:  728:int villageEffect(struct gameState *state, int currentPlayer, int handPos){
        -:  729:
        -:  730:      //+1 Card
        3:  731:      drawCard(currentPlayer, state);
call    0 returned 100%
        -:  732:			
        -:  733:      //+2 Actions
        3:  734:      state->numActions = state->numActions + 1;
        -:  735:			
        -:  736:      //discard played card from hand
        3:  737:      discardCard(handPos, currentPlayer, state, 0);
call    0 returned 100%
        3:  738:      return 0;
        -:  739:	
        -:  740:}
function cardEffect called 19 returned 100% blocks executed 4%
       19:  741:int cardEffect(int card, int choice1, int choice2, int choice3, struct gameState *state, int handPos, int *bonus)
        -:  742:{
        -:  743:  int i;
        -:  744:  int j;
        -:  745:  int k;
        -:  746:  int x;
        -:  747:  int index;
       19:  748:  int currentPlayer = whoseTurn(state);
call    0 returned 100%
       19:  749:  int nextPlayer = currentPlayer + 1;
        -:  750:
       19:  751:  int tributeRevealedCards[2] = {-1, -1};
        -:  752:  int temphand[MAX_HAND];// moved above the if statement
       19:  753:  int drawntreasure=0;
        -:  754:  int cardDrawn;
       19:  755:  int z = 0;// this is the counter for the temp handi
       19:  756:  if (nextPlayer > (state->numPlayers - 1)){
branch  0 taken 0% (fallthrough)
branch  1 taken 100%
    #####:  757:    nextPlayer = 0;
        -:  758:  }
        -:  759:  
        -:  760:	
        -:  761:  //uses switch to select card and perform actions
       19:  762:  switch( card ) 
branch  0 taken 16%
branch  1 taken 16%
branch  2 taken 0%
branch  3 taken 0%
branch  4 taken 0%
branch  5 taken 0%
branch  6 taken 53%
branch  7 taken 16%
branch  8 taken 0%
branch  9 taken 0%
branch 10 taken 0%
branch 11 taken 0%
branch 12 taken 0%
branch 13 taken 0%
branch 14 taken 0%
branch 15 taken 0%
branch 16 taken 0%
branch 17 taken 0%
branch 18 taken 0%
branch 19 taken 0%
branch 20 taken 0%
        -:  763:    {
        -:  764:    case adventurer:
        3:  765:	return adventurerEffect(state, currentPlayer); 
call    0 returned 100%
        -:  766:
        -:  767:	
        -:  768:    case council_room:
        3:  769:	return councilRoomEffect(state, currentPlayer, handPos); 
call    0 returned 100%
        -:  770:			
        -:  771:    case feast:
        -:  772:      //gain card with cost up to 5
        -:  773:      //Backup hand
    #####:  774:      for (i = 0; i <= state->handCount[currentPlayer]; i++){
branch  0 never executed
branch  1 never executed
    #####:  775:	temphand[i] = state->hand[currentPlayer][i];//Backup card
    #####:  776:	state->hand[currentPlayer][i] = -1;//Set to nothing
        -:  777:      }
        -:  778:      //Backup hand
        -:  779:
        -:  780:      //Update Coins for Buy
    #####:  781:      updateCoins(currentPlayer, state, 5);
call    0 never executed
    #####:  782:      x = 1;//Condition to loop on
    #####:  783:      while( x == 1) {//Buy one card
branch  0 never executed
branch  1 never executed
    #####:  784:	if (supplyCount(choice1, state) <= 0){
call    0 never executed
branch  1 never executed
branch  2 never executed
        -:  785:	  if (DEBUG)
        -:  786:	    printf("None of that card left, sorry!\n");
        -:  787:
        -:  788:	  if (DEBUG){
        -:  789:	    printf("Cards Left: %d\n", supplyCount(choice1, state));
        -:  790:	  }
        -:  791:	}
    #####:  792:	else if (state->coins < getCost(choice1)){
call    0 never executed
branch  1 never executed
branch  2 never executed
    #####:  793:	  printf("That card is too expensive!\n");
call    0 never executed
        -:  794:
        -:  795:	  if (DEBUG){
        -:  796:	    printf("Coins: %d < %d\n", state->coins, getCost(choice1));
        -:  797:	  }
        -:  798:	}
        -:  799:	else{
        -:  800:
        -:  801:	  if (DEBUG){
        -:  802:	    printf("Deck Count: %d\n", state->handCount[currentPlayer] + state->deckCount[currentPlayer] + state->discardCount[currentPlayer]);
        -:  803:	  }
        -:  804:
    #####:  805:	  gainCard(choice1, state, 0, currentPlayer);//Gain the card
call    0 never executed
    #####:  806:	  x = 0;//No more buying cards
        -:  807:
        -:  808:	  if (DEBUG){
        -:  809:	    printf("Deck Count: %d\n", state->handCount[currentPlayer] + state->deckCount[currentPlayer] + state->discardCount[currentPlayer]);
        -:  810:	  }
        -:  811:
        -:  812:	}
        -:  813:      }     
        -:  814:
        -:  815:      //Reset Hand
    #####:  816:      for (i = 0; i <= state->handCount[currentPlayer]; i++){
branch  0 never executed
branch  1 never executed
    #####:  817:	state->hand[currentPlayer][i] = temphand[i];
    #####:  818:	temphand[i] = -1;
        -:  819:      }
        -:  820:      //Reset Hand
        -:  821:      			
    #####:  822:      return 0;
        -:  823:			
        -:  824:    case gardens:
    #####:  825:      return gardensEffect(); 
call    0 never executed
        -:  826:			
        -:  827:    case mine:
    #####:  828:      j = state->hand[currentPlayer][choice1];  //store card we will trash
        -:  829:
    #####:  830:      if (state->hand[currentPlayer][choice1] < copper || state->hand[currentPlayer][choice1] > gold)
branch  0 never executed
branch  1 never executed
branch  2 never executed
branch  3 never executed
        -:  831:	{
    #####:  832:	  return -1;
        -:  833:	}
        -:  834:		
    #####:  835:      if (choice2 > treasure_map || choice2 < curse)
branch  0 never executed
branch  1 never executed
branch  2 never executed
branch  3 never executed
        -:  836:	{
    #####:  837:	  return -1;
        -:  838:	}
        -:  839:
    #####:  840:      if ( (getCost(state->hand[currentPlayer][choice1]) + 3) > getCost(choice2) )
call    0 never executed
call    1 never executed
branch  2 never executed
branch  3 never executed
        -:  841:	{
    #####:  842:	  return -1;
        -:  843:	}
        -:  844:
    #####:  845:      gainCard(choice2, state, 2, currentPlayer);
call    0 never executed
        -:  846:
        -:  847:      //discard card from hand
    #####:  848:      discardCard(handPos, currentPlayer, state, 0);
call    0 never executed
        -:  849:
        -:  850:      //discard trashed card
    #####:  851:      for (i = 0; i < state->handCount[currentPlayer]; i++)
branch  0 never executed
branch  1 never executed
        -:  852:	{
    #####:  853:	  if (state->hand[currentPlayer][i] == j)
branch  0 never executed
branch  1 never executed
        -:  854:	    {
    #####:  855:	      discardCard(i, currentPlayer, state, 0);			
call    0 never executed
    #####:  856:	      break;
        -:  857:	    }
        -:  858:	}
        -:  859:			
    #####:  860:      return 0;
        -:  861:			
        -:  862:    case remodel:
    #####:  863:      j = state->hand[currentPlayer][choice1];  //store card we will trash
        -:  864:
    #####:  865:      if ( (getCost(state->hand[currentPlayer][choice1]) + 2) > getCost(choice2) )
call    0 never executed
call    1 never executed
branch  2 never executed
branch  3 never executed
        -:  866:	{
    #####:  867:	  return -1;
        -:  868:	}
        -:  869:
    #####:  870:      gainCard(choice2, state, 0, currentPlayer);
call    0 never executed
        -:  871:
        -:  872:      //discard card from hand
    #####:  873:      discardCard(handPos, currentPlayer, state, 0);
call    0 never executed
        -:  874:
        -:  875:      //discard trashed card
    #####:  876:      for (i = 0; i < state->handCount[currentPlayer]; i++)
branch  0 never executed
branch  1 never executed
        -:  877:	{
    #####:  878:	  if (state->hand[currentPlayer][i] == j)
branch  0 never executed
branch  1 never executed
        -:  879:	    {
    #####:  880:	      discardCard(i, currentPlayer, state, 0);			
call    0 never executed
    #####:  881:	      break;
        -:  882:	    }
        -:  883:	}
        -:  884:
        -:  885:
    #####:  886:      return 0;
        -:  887:		
        -:  888:    case smithy:
       10:  889:      return smithyEffect(state, currentPlayer, handPos); 
call    0 returned 100%
        -:  890:		
        -:  891:    case village:
        3:  892:      return villageEffect(state, currentPlayer, handPos); 
call    0 returned 100%
        -:  893:		
        -:  894:    case baron:
    #####:  895:      state->numBuys++;//Increase buys by 1!
    #####:  896:      if (choice1 > 0){//Boolean true or going to discard an estate
branch  0 never executed
branch  1 never executed
    #####:  897:	int p = 0;//Iterator for hand!
    #####:  898:	int card_not_discarded = 1;//Flag for discard set!
    #####:  899:	while(card_not_discarded){
branch  0 never executed
branch  1 never executed
    #####:  900:	  if (state->hand[currentPlayer][p] == estate){//Found an estate card!
branch  0 never executed
branch  1 never executed
    #####:  901:	    state->coins += 4;//Add 4 coins to the amount of coins
    #####:  902:	    state->discard[currentPlayer][state->discardCount[currentPlayer]] = state->hand[currentPlayer][p];
    #####:  903:	    state->discardCount[currentPlayer]++;
    #####:  904:	    for (;p < state->handCount[currentPlayer]; p++){
branch  0 never executed
branch  1 never executed
    #####:  905:	      state->hand[currentPlayer][p] = state->hand[currentPlayer][p+1];
        -:  906:	    }
    #####:  907:	    state->hand[currentPlayer][state->handCount[currentPlayer]] = -1;
    #####:  908:	    state->handCount[currentPlayer]--;
    #####:  909:	    card_not_discarded = 0;//Exit the loop
        -:  910:	  }
    #####:  911:	  else if (p > state->handCount[currentPlayer]){
branch  0 never executed
branch  1 never executed
        -:  912:	    if(DEBUG) {
        -:  913:	      printf("No estate cards in your hand, invalid choice\n");
        -:  914:	      printf("Must gain an estate if there are any\n");
        -:  915:	    }
    #####:  916:	    if (supplyCount(estate, state) > 0){
call    0 never executed
branch  1 never executed
branch  2 never executed
    #####:  917:	      gainCard(estate, state, 0, currentPlayer);
call    0 never executed
    #####:  918:	      state->supplyCount[estate]--;//Decrement estates
    #####:  919:	      if (supplyCount(estate, state) == 0){
call    0 never executed
branch  1 never executed
branch  2 never executed
    #####:  920:		isGameOver(state);
call    0 never executed
        -:  921:	      }
        -:  922:	    }
    #####:  923:	    card_not_discarded = 0;//Exit the loop
        -:  924:	  }
        -:  925:			    
        -:  926:	  else{
    #####:  927:	    p++;//Next card
        -:  928:	  }
        -:  929:	}
        -:  930:      }
        -:  931:			    
        -:  932:      else{
    #####:  933:	if (supplyCount(estate, state) > 0){
call    0 never executed
branch  1 never executed
branch  2 never executed
    #####:  934:	  gainCard(estate, state, 0, currentPlayer);//Gain an estate
call    0 never executed
    #####:  935:	  state->supplyCount[estate]--;//Decrement Estates
    #####:  936:	  if (supplyCount(estate, state) == 0){
call    0 never executed
branch  1 never executed
branch  2 never executed
    #####:  937:	    isGameOver(state);
call    0 never executed
        -:  938:	  }
        -:  939:	}
        -:  940:      }
        -:  941:	    
        -:  942:      
    #####:  943:      return 0;
        -:  944:		
        -:  945:    case great_hall:
        -:  946:      //+1 Card
    #####:  947:      drawCard(currentPlayer, state);
call    0 never executed
        -:  948:			
        -:  949:      //+1 Actions
    #####:  950:      state->numActions++;
        -:  951:			
        -:  952:      //discard card from hand
    #####:  953:      discardCard(handPos, currentPlayer, state, 0);
call    0 never executed
    #####:  954:      return 0;
        -:  955:		
        -:  956:    case minion:
        -:  957:      //+1 action
    #####:  958:      state->numActions++;
        -:  959:			
        -:  960:      //discard card from hand
    #####:  961:      discardCard(handPos, currentPlayer, state, 0);
call    0 never executed
        -:  962:			
    #####:  963:      if (choice1)		//+2 coins
branch  0 never executed
branch  1 never executed
        -:  964:	{
    #####:  965:	  state->coins = state->coins + 2;
        -:  966:	}
        -:  967:			
    #####:  968:      else if (choice2)		//discard hand, redraw 4, other players with 5+ cards discard hand and draw 4
branch  0 never executed
branch  1 never executed
        -:  969:	{
        -:  970:	  //discard hand
    #####:  971:	  while(numHandCards(state) > 0)
call    0 never executed
branch  1 never executed
branch  2 never executed
        -:  972:	    {
    #####:  973:	      discardCard(handPos, currentPlayer, state, 0);
call    0 never executed
        -:  974:	    }
        -:  975:				
        -:  976:	  //draw 4
    #####:  977:	  for (i = 0; i < 4; i++)
branch  0 never executed
branch  1 never executed
        -:  978:	    {
    #####:  979:	      drawCard(currentPlayer, state);
call    0 never executed
        -:  980:	    }
        -:  981:				
        -:  982:	  //other players discard hand and redraw if hand size > 4
    #####:  983:	  for (i = 0; i < state->numPlayers; i++)
branch  0 never executed
branch  1 never executed
        -:  984:	    {
    #####:  985:	      if (i != currentPlayer)
branch  0 never executed
branch  1 never executed
        -:  986:		{
    #####:  987:		  if ( state->handCount[i] > 4 )
branch  0 never executed
branch  1 never executed
        -:  988:		    {
        -:  989:		      //discard hand
    #####:  990:		      while( state->handCount[i] > 0 )
branch  0 never executed
branch  1 never executed
        -:  991:			{
    #####:  992:			  discardCard(handPos, i, state, 0);
call    0 never executed
        -:  993:			}
        -:  994:							
        -:  995:		      //draw 4
    #####:  996:		      for (j = 0; j < 4; j++)
branch  0 never executed
branch  1 never executed
        -:  997:			{
    #####:  998:			  drawCard(i, state);
call    0 never executed
        -:  999:			}
        -: 1000:		    }
        -: 1001:		}
        -: 1002:	    }
        -: 1003:				
        -: 1004:	}
    #####: 1005:      return 0;
        -: 1006:		
        -: 1007:    case steward:
    #####: 1008:      if (choice1 == 1)
branch  0 never executed
branch  1 never executed
        -: 1009:	{
        -: 1010:	  //+2 cards
    #####: 1011:	  drawCard(currentPlayer, state);
call    0 never executed
    #####: 1012:	  drawCard(currentPlayer, state);
call    0 never executed
        -: 1013:	}
    #####: 1014:      else if (choice1 == 2)
branch  0 never executed
branch  1 never executed
        -: 1015:	{
        -: 1016:	  //+2 coins
    #####: 1017:	  state->coins = state->coins + 2;
        -: 1018:	}
        -: 1019:      else
        -: 1020:	{
        -: 1021:	  //trash 2 cards in hand
    #####: 1022:	  discardCard(choice2, currentPlayer, state, 1);
call    0 never executed
    #####: 1023:	  discardCard(choice3, currentPlayer, state, 1);
call    0 never executed
        -: 1024:	}
        -: 1025:			
        -: 1026:      //discard card from hand
    #####: 1027:      discardCard(handPos, currentPlayer, state, 0);
call    0 never executed
    #####: 1028:      return 0;
        -: 1029:		
        -: 1030:    case tribute:
    #####: 1031:      if ((state->discardCount[nextPlayer] + state->deckCount[nextPlayer]) <= 1){
branch  0 never executed
branch  1 never executed
    #####: 1032:	if (state->deckCount[nextPlayer] > 0){
branch  0 never executed
branch  1 never executed
    #####: 1033:	  tributeRevealedCards[0] = state->deck[nextPlayer][state->deckCount[nextPlayer]-1];
    #####: 1034:	  state->deckCount[nextPlayer]--;
        -: 1035:	}
    #####: 1036:	else if (state->discardCount[nextPlayer] > 0){
branch  0 never executed
branch  1 never executed
    #####: 1037:	  tributeRevealedCards[0] = state->discard[nextPlayer][state->discardCount[nextPlayer]-1];
    #####: 1038:	  state->discardCount[nextPlayer]--;
        -: 1039:	}
        -: 1040:	else{
        -: 1041:	  //No Card to Reveal
        -: 1042:	  if (DEBUG){
        -: 1043:	    printf("No cards to reveal\n");
        -: 1044:	  }
        -: 1045:	}
        -: 1046:      }
        -: 1047:	    
        -: 1048:      else{
    #####: 1049:	if (state->deckCount[nextPlayer] == 0){
branch  0 never executed
branch  1 never executed
    #####: 1050:	  for (i = 0; i < state->discardCount[nextPlayer]; i++){
branch  0 never executed
branch  1 never executed
    #####: 1051:	    state->deck[nextPlayer][i] = state->discard[nextPlayer][i];//Move to deck
    #####: 1052:	    state->deckCount[nextPlayer]++;
    #####: 1053:	    state->discard[nextPlayer][i] = -1;
    #####: 1054:	    state->discardCount[nextPlayer]--;
        -: 1055:	  }
        -: 1056:			    
    #####: 1057:	  shuffle(nextPlayer,state);//Shuffle the deck
call    0 never executed
        -: 1058:	} 
    #####: 1059:	tributeRevealedCards[0] = state->deck[nextPlayer][state->deckCount[nextPlayer]-1];
    #####: 1060:	state->deck[nextPlayer][state->deckCount[nextPlayer]--] = -1;
    #####: 1061:	state->deckCount[nextPlayer]--;
    #####: 1062:	tributeRevealedCards[1] = state->deck[nextPlayer][state->deckCount[nextPlayer]-1];
    #####: 1063:	state->deck[nextPlayer][state->deckCount[nextPlayer]--] = -1;
    #####: 1064:	state->deckCount[nextPlayer]--;
        -: 1065:      }    
        -: 1066:		       
    #####: 1067:      if (tributeRevealedCards[0] == tributeRevealedCards[1]){//If we have a duplicate card, just drop one 
branch  0 never executed
branch  1 never executed
    #####: 1068:	state->playedCards[state->playedCardCount] = tributeRevealedCards[1];
    #####: 1069:	state->playedCardCount++;
    #####: 1070:	tributeRevealedCards[1] = -1;
        -: 1071:      }
        -: 1072:
    #####: 1073:      for (i = 0; i <= 2; i ++){
branch  0 never executed
branch  1 never executed
    #####: 1074:	if (tributeRevealedCards[i] == copper || tributeRevealedCards[i] == silver || tributeRevealedCards[i] == gold){//Treasure cards
branch  0 never executed
branch  1 never executed
branch  2 never executed
branch  3 never executed
branch  4 never executed
branch  5 never executed
    #####: 1075:	  state->coins += 2;
        -: 1076:	}
        -: 1077:		    
    #####: 1078:	else if (tributeRevealedCards[i] == estate || tributeRevealedCards[i] == duchy || tributeRevealedCards[i] == province || tributeRevealedCards[i] == gardens || tributeRevealedCards[i] == great_hall){//Victory Card Found
branch  0 never executed
branch  1 never executed
branch  2 never executed
branch  3 never executed
branch  4 never executed
branch  5 never executed
branch  6 never executed
branch  7 never executed
branch  8 never executed
branch  9 never executed
    #####: 1079:	  drawCard(currentPlayer, state);
call    0 never executed
    #####: 1080:	  drawCard(currentPlayer, state);
call    0 never executed
        -: 1081:	}
        -: 1082:	else{//Action Card
    #####: 1083:	  state->numActions = state->numActions + 2;
        -: 1084:	}
        -: 1085:      }
        -: 1086:	    
    #####: 1087:      return 0;
        -: 1088:		
        -: 1089:    case ambassador:
    #####: 1090:      j = 0;		//used to check if player has enough cards to discard
        -: 1091:
    #####: 1092:      if (choice2 > 2 || choice2 < 0)
branch  0 never executed
branch  1 never executed
branch  2 never executed
branch  3 never executed
        -: 1093:	{
    #####: 1094:	  return -1;				
        -: 1095:	}
        -: 1096:
    #####: 1097:      if (choice1 == handPos)
branch  0 never executed
branch  1 never executed
        -: 1098:	{
    #####: 1099:	  return -1;
        -: 1100:	}
        -: 1101:
    #####: 1102:      for (i = 0; i < state->handCount[currentPlayer]; i++)
branch  0 never executed
branch  1 never executed
        -: 1103:	{
    #####: 1104:	  if (i != handPos && i == state->hand[currentPlayer][choice1] && i != choice1)
branch  0 never executed
branch  1 never executed
branch  2 never executed
branch  3 never executed
branch  4 never executed
branch  5 never executed
        -: 1105:	    {
    #####: 1106:	      j++;
        -: 1107:	    }
        -: 1108:	}
    #####: 1109:      if (j < choice2)
branch  0 never executed
branch  1 never executed
        -: 1110:	{
    #####: 1111:	  return -1;				
        -: 1112:	}
        -: 1113:
        -: 1114:      if (DEBUG) 
        -: 1115:	printf("Player %d reveals card number: %d\n", currentPlayer, state->hand[currentPlayer][choice1]);
        -: 1116:
        -: 1117:      //increase supply count for choosen card by amount being discarded
    #####: 1118:      state->supplyCount[state->hand[currentPlayer][choice1]] += choice2;
        -: 1119:			
        -: 1120:      //each other player gains a copy of revealed card
    #####: 1121:      for (i = 0; i < state->numPlayers; i++)
branch  0 never executed
branch  1 never executed
        -: 1122:	{
    #####: 1123:	  if (i != currentPlayer)
branch  0 never executed
branch  1 never executed
        -: 1124:	    {
    #####: 1125:	      gainCard(state->hand[currentPlayer][choice1], state, 0, i);
call    0 never executed
        -: 1126:	    }
        -: 1127:	}
        -: 1128:
        -: 1129:      //discard played card from hand
    #####: 1130:      discardCard(handPos, currentPlayer, state, 0);			
call    0 never executed
        -: 1131:
        -: 1132:      //trash copies of cards returned to supply
    #####: 1133:      for (j = 0; j < choice2; j++)
branch  0 never executed
branch  1 never executed
        -: 1134:	{
    #####: 1135:	  for (i = 0; i < state->handCount[currentPlayer]; i++)
branch  0 never executed
branch  1 never executed
        -: 1136:	    {
    #####: 1137:	      if (state->hand[currentPlayer][i] == state->hand[currentPlayer][choice1])
branch  0 never executed
branch  1 never executed
        -: 1138:		{
    #####: 1139:		  discardCard(i, currentPlayer, state, 1);
call    0 never executed
    #####: 1140:		  break;
        -: 1141:		}
        -: 1142:	    }
        -: 1143:	}			
        -: 1144:
    #####: 1145:      return 0;
        -: 1146:		
        -: 1147:    case cutpurse:
        -: 1148:
    #####: 1149:      updateCoins(currentPlayer, state, 2);
call    0 never executed
    #####: 1150:      for (i = 0; i < state->numPlayers; i++)
branch  0 never executed
branch  1 never executed
        -: 1151:	{
    #####: 1152:	  if (i != currentPlayer)
branch  0 never executed
branch  1 never executed
        -: 1153:	    {
    #####: 1154:	      for (j = 0; j < state->handCount[i]; j++)
branch  0 never executed
branch  1 never executed
        -: 1155:		{
    #####: 1156:		  if (state->hand[i][j] == copper)
branch  0 never executed
branch  1 never executed
        -: 1157:		    {
    #####: 1158:		      discardCard(j, i, state, 0);
call    0 never executed
    #####: 1159:		      break;
        -: 1160:		    }
    #####: 1161:		  if (j == state->handCount[i])
branch  0 never executed
branch  1 never executed
        -: 1162:		    {
    #####: 1163:		      for (k = 0; k < state->handCount[i]; k++)
branch  0 never executed
branch  1 never executed
        -: 1164:			{
        -: 1165:			  if (DEBUG)
        -: 1166:			    printf("Player %d reveals card number %d\n", i, state->hand[i][k]);
        -: 1167:			}	
    #####: 1168:		      break;
        -: 1169:		    }		
        -: 1170:		}
        -: 1171:					
        -: 1172:	    }
        -: 1173:				
        -: 1174:	}				
        -: 1175:
        -: 1176:      //discard played card from hand
    #####: 1177:      discardCard(handPos, currentPlayer, state, 0);			
call    0 never executed
        -: 1178:
    #####: 1179:      return 0;
        -: 1180:
        -: 1181:		
        -: 1182:    case embargo: 
        -: 1183:      //+2 Coins
    #####: 1184:      state->coins = state->coins + 2;
        -: 1185:			
        -: 1186:      //see if selected pile is in play
    #####: 1187:      if ( state->supplyCount[choice1] == -1 )
branch  0 never executed
branch  1 never executed
        -: 1188:	{
    #####: 1189:	  return -1;
        -: 1190:	}
        -: 1191:			
        -: 1192:      //add embargo token to selected supply pile
    #####: 1193:      state->embargoTokens[choice1]++;
        -: 1194:			
        -: 1195:      //trash card
    #####: 1196:      discardCard(handPos, currentPlayer, state, 1);		
call    0 never executed
    #####: 1197:      return 0;
        -: 1198:		
        -: 1199:    case outpost:
        -: 1200:      //set outpost flag
    #####: 1201:      state->outpostPlayed++;
        -: 1202:			
        -: 1203:      //discard card
    #####: 1204:      discardCard(handPos, currentPlayer, state, 0);
call    0 never executed
    #####: 1205:      return 0;
        -: 1206:		
        -: 1207:    case salvager:
        -: 1208:      //+1 buy
    #####: 1209:      state->numBuys++;
        -: 1210:			
    #####: 1211:      if (choice1)
branch  0 never executed
branch  1 never executed
        -: 1212:	{
        -: 1213:	  //gain coins equal to trashed card
    #####: 1214:	  state->coins = state->coins + getCost( handCard(choice1, state) );
call    0 never executed
call    1 never executed
        -: 1215:	  //trash card
    #####: 1216:	  discardCard(choice1, currentPlayer, state, 1);	
call    0 never executed
        -: 1217:	}
        -: 1218:			
        -: 1219:      //discard card
    #####: 1220:      discardCard(handPos, currentPlayer, state, 0);
call    0 never executed
    #####: 1221:      return 0;
        -: 1222:		
        -: 1223:    case sea_hag:
    #####: 1224:      for (i = 0; i < state->numPlayers; i++){
branch  0 never executed
branch  1 never executed
    #####: 1225:	if (i != currentPlayer){
branch  0 never executed
branch  1 never executed
    #####: 1226:	  state->discard[i][state->discardCount[i]] = state->deck[i][state->deckCount[i]--];			    state->deckCount[i]--;
    #####: 1227:	  state->discardCount[i]++;
    #####: 1228:	  state->deck[i][state->deckCount[i]--] = curse;//Top card now a curse
        -: 1229:	}
        -: 1230:      }
    #####: 1231:      return 0;
        -: 1232:		
        -: 1233:    case treasure_map:
        -: 1234:      //search hand for another treasure_map
    #####: 1235:      index = -1;
    #####: 1236:      for (i = 0; i < state->handCount[currentPlayer]; i++)
branch  0 never executed
branch  1 never executed
        -: 1237:	{
    #####: 1238:	  if (state->hand[currentPlayer][i] == treasure_map && i != handPos)
branch  0 never executed
branch  1 never executed
branch  2 never executed
branch  3 never executed
        -: 1239:	    {
    #####: 1240:	      index = i;
    #####: 1241:	      break;
        -: 1242:	    }
        -: 1243:	}
    #####: 1244:      if (index > -1)
branch  0 never executed
branch  1 never executed
        -: 1245:	{
        -: 1246:	  //trash both treasure cards
    #####: 1247:	  discardCard(handPos, currentPlayer, state, 1);
call    0 never executed
    #####: 1248:	  discardCard(index, currentPlayer, state, 1);
call    0 never executed
        -: 1249:
        -: 1250:	  //gain 4 Gold cards
    #####: 1251:	  for (i = 0; i < 4; i++)
branch  0 never executed
branch  1 never executed
        -: 1252:	    {
    #####: 1253:	      gainCard(gold, state, 1, currentPlayer);
call    0 never executed
        -: 1254:	    }
        -: 1255:				
        -: 1256:	  //return success
    #####: 1257:	  return 1;
        -: 1258:	}
        -: 1259:			
        -: 1260:      //no second treasure_map found in hand
    #####: 1261:      return -1;
        -: 1262:    }
        -: 1263:	
    #####: 1264:  return -1;
        -: 1265:}
        -: 1266:
function discardCard called 16 returned 100% blocks executed 78%
       16: 1267:int discardCard(int handPos, int currentPlayer, struct gameState *state, int trashFlag)
        -: 1268:{
        -: 1269:	
        -: 1270:  //if card is not trashed, added to Played pile 
       16: 1271:  if (trashFlag < 1)
branch  0 taken 100% (fallthrough)
branch  1 taken 0%
        -: 1272:    {
        -: 1273:      //add card to played pile
       16: 1274:      state->playedCards[state->playedCardCount] = state->hand[currentPlayer][handPos]; 
       16: 1275:      state->playedCardCount++;
        -: 1276:    }
        -: 1277:	
        -: 1278:  //set played card to -1
       16: 1279:  state->hand[currentPlayer][handPos] = -1;
        -: 1280:	
        -: 1281:  //remove card from player's hand
       16: 1282:  if ( handPos == (state->handCount[currentPlayer] - 1) ) 	//last card in hand array is played
branch  0 taken 0% (fallthrough)
branch  1 taken 100%
        -: 1283:    {
        -: 1284:      //reduce number of cards in hand
    #####: 1285:      state->handCount[currentPlayer]--;
        -: 1286:    }
       16: 1287:  else if ( state->handCount[currentPlayer] == 1 ) //only one card in hand
branch  0 taken 0% (fallthrough)
branch  1 taken 100%
        -: 1288:    {
        -: 1289:      //reduce number of cards in hand
    #####: 1290:      state->handCount[currentPlayer]--;
        -: 1291:    }
        -: 1292:  else 	
        -: 1293:    {
        -: 1294:      //replace discarded card with last card in hand
       16: 1295:      state->hand[currentPlayer][handPos] = state->hand[currentPlayer][ (state->handCount[currentPlayer] - 1)];
        -: 1296:      //set last card to -1
       16: 1297:      state->hand[currentPlayer][state->handCount[currentPlayer] - 1] = -1;
        -: 1298:      //reduce number of cards in hand
       16: 1299:      state->handCount[currentPlayer]--;
        -: 1300:    }
        -: 1301:	
       16: 1302:  return 0;
        -: 1303:}
        -: 1304:
function gainCard called 0 returned 0% blocks executed 0%
    #####: 1305:int gainCard(int supplyPos, struct gameState *state, int toFlag, int player)
        -: 1306:{
        -: 1307:  //Note: supplyPos is enum of choosen card
        -: 1308:	
        -: 1309:  //check if supply pile is empty (0) or card is not used in game (-1)
    #####: 1310:  if ( supplyCount(supplyPos, state) < 1 )
call    0 never executed
branch  1 never executed
branch  2 never executed
        -: 1311:    {
    #####: 1312:      return -1;
        -: 1313:    }
        -: 1314:	
        -: 1315:  //added card for [whoseTurn] current player:
        -: 1316:  // toFlag = 0 : add to discard
        -: 1317:  // toFlag = 1 : add to deck
        -: 1318:  // toFlag = 2 : add to hand
        -: 1319:
    #####: 1320:  if (toFlag == 1)
branch  0 never executed
branch  1 never executed
        -: 1321:    {
    #####: 1322:      state->deck[ player ][ state->deckCount[player] ] = supplyPos;
    #####: 1323:      state->deckCount[player]++;
        -: 1324:    }
    #####: 1325:  else if (toFlag == 2)
branch  0 never executed
branch  1 never executed
        -: 1326:    {
    #####: 1327:      state->hand[ player ][ state->handCount[player] ] = supplyPos;
    #####: 1328:      state->handCount[player]++;
        -: 1329:    }
        -: 1330:  else
        -: 1331:    {
    #####: 1332:      state->discard[player][ state->discardCount[player] ] = supplyPos;
    #####: 1333:      state->discardCount[player]++;
        -: 1334:    }
        -: 1335:	
        -: 1336:  //decrease number in supply pile
    #####: 1337:  state->supplyCount[supplyPos]--;
        -: 1338:	 
    #####: 1339:  return 0;
        -: 1340:}
        -: 1341:
function updateCoins called 49 returned 100% blocks executed 100%
       49: 1342:int updateCoins(int player, struct gameState *state, int bonus)
        -: 1343:{
        -: 1344:  int i;
        -: 1345:	
        -: 1346:  //reset coin count
       49: 1347:  state->coins = 0;
        -: 1348:
        -: 1349:  //add coins for each Treasure card in player's hand
      294: 1350:  for (i = 0; i < state->handCount[player]; i++)
branch  0 taken 83%
branch  1 taken 17% (fallthrough)
        -: 1351:    {
      245: 1352:      if (state->hand[player][i] == copper)
branch  0 taken 50% (fallthrough)
branch  1 taken 50%
        -: 1353:	{
      123: 1354:	  state->coins += 1;
        -: 1355:	}
      122: 1356:      else if (state->hand[player][i] == silver)
branch  0 taken 25% (fallthrough)
branch  1 taken 75%
        -: 1357:	{
       30: 1358:	  state->coins += 2;
        -: 1359:	}
       92: 1360:      else if (state->hand[player][i] == gold)
branch  0 taken 33% (fallthrough)
branch  1 taken 67%
        -: 1361:	{
       30: 1362:	  state->coins += 3;
        -: 1363:	}	
        -: 1364:    }	
        -: 1365:
        -: 1366:  //add bonus
       49: 1367:  state->coins += bonus;
        -: 1368:
       49: 1369:  return 0;
        -: 1370:}
        -: 1371:
        -: 1372:
        -: 1373://end of dominion.c
        -: 1374:
